
{"t":{"$date":"2024-03-28T17:48:27.412+09:00"},"s":"I",  "c":"CONTROL",  "id":20698,   "ctx":"main","msg":"***** SERVER RESTARTED *****"}
{"t":{"$date":"2024-03-28T17:48:27.414+09:00"},"s":"I",  "c":"CONTROL",  "id":23285,   "ctx":"main","msg":"Automatically disabling TLS 1.0, to force-enable TLS 1.0 specify --sslDisabledProtocols 'none'"}
{"t":{"$date":"2024-03-28T17:48:27.423+09:00"},"s":"I",  "c":"NETWORK",  "id":4648601, "ctx":"main","msg":"Implicit TCP FastOpen unavailable. If TCP FastOpen is required, set tcpFastOpenServer, tcpFastOpenClient, and tcpFastOpenQueueSize."}
{"t":{"$date":"2024-03-28T17:48:27.423+09:00"},"s":"I",  "c":"STORAGE",  "id":4615611, "ctx":"initandlisten","msg":"MongoDB starting","attr":{"pid":5991,"port":27019,"dbPath":"/shard/data/configdb","architecture":"64-bit","host":"shard"}}
{"t":{"$date":"2024-03-28T17:48:27.423+09:00"},"s":"I",  "c":"CONTROL",  "id":23403,   "ctx":"initandlisten","msg":"Build Info","attr":{"buildInfo":{"version":"4.4.29","gitVersion":"f4dda329a99811c707eb06d05ad023599f9be263","openSSLVersion":"OpenSSL 1.1.1f  31 Mar 2020","modules":[],"allocator":"tcmalloc","environment":{"distmod":"ubuntu2004","distarch":"x86_64","target_arch":"x86_64"}}}}
{"t":{"$date":"2024-03-28T17:48:27.423+09:00"},"s":"I",  "c":"CONTROL",  "id":51765,   "ctx":"initandlisten","msg":"Operating System","attr":{"os":{"name":"Ubuntu","version":"22.04"}}}
{"t":{"$date":"2024-03-28T17:48:27.423+09:00"},"s":"I",  "c":"CONTROL",  "id":21951,   "ctx":"initandlisten","msg":"Options set by command line","attr":{"options":{"config":"/shard/mongoConfig.conf","net":{"bindIp":"0.0.0.0","port":27019},"processManagement":{"timeZoneInfo":"/usr/share/zoneinfo"},"replication":{"replSetName":"ConfigReplSet"},"sharding":{"clusterRole":"configsvr"},"storage":{"dbPath":"/shard/data/configdb","journal":{"enabled":true}},"systemLog":{"destination":"file","logAppend":true,"path":"/shard/data/logs/configsvr.log"}}}}
{"t":{"$date":"2024-03-28T17:48:27.424+09:00"},"s":"I",  "c":"STORAGE",  "id":22297,   "ctx":"initandlisten","msg":"Using the XFS filesystem is strongly recommended with the WiredTiger storage engine. See http://dochub.mongodb.org/core/prodnotes-filesystem","tags":["startupWarnings"]}
{"t":{"$date":"2024-03-28T17:48:27.424+09:00"},"s":"I",  "c":"STORAGE",  "id":22315,   "ctx":"initandlisten","msg":"Opening WiredTiger","attr":{"config":"create,cache_size=3454M,session_max=33000,eviction=(threads_min=4,threads_max=4),config_base=false,statistics=(fast),log=(enabled=true,archive=true,path=journal,compressor=snappy),file_manager=(close_idle_time=100000,close_scan_interval=10,close_handle_minimum=250),statistics_log=(wait=0),verbose=[recovery_progress,checkpoint_progress,compact_progress],"}}
{"t":{"$date":"2024-03-28T17:48:27.618+09:00"},"s":"I",  "c":"STORAGE",  "id":22430,   "ctx":"initandlisten","msg":"WiredTiger message","attr":{"message":"[1711615707:618453][5991:0x743236d13cc0], txn-recover: [WT_VERB_RECOVERY | WT_VERB_RECOVERY_PROGRESS] Set global recovery timestamp: (0, 0)"}}
{"t":{"$date":"2024-03-28T17:48:27.618+09:00"},"s":"I",  "c":"STORAGE",  "id":22430,   "ctx":"initandlisten","msg":"WiredTiger message","attr":{"message":"[1711615707:618506][5991:0x743236d13cc0], txn-recover: [WT_VERB_RECOVERY | WT_VERB_RECOVERY_PROGRESS] Set global oldest timestamp: (0, 0)"}}
{"t":{"$date":"2024-03-28T17:48:27.628+09:00"},"s":"I",  "c":"STORAGE",  "id":4795906, "ctx":"initandlisten","msg":"WiredTiger opened","attr":{"durationMillis":204}}
{"t":{"$date":"2024-03-28T17:48:27.628+09:00"},"s":"I",  "c":"RECOVERY", "id":23987,   "ctx":"initandlisten","msg":"WiredTiger recoveryTimestamp","attr":{"recoveryTimestamp":{"$timestamp":{"t":0,"i":0}}}}
{"t":{"$date":"2024-03-28T17:48:27.648+09:00"},"s":"I",  "c":"STORAGE",  "id":22262,   "ctx":"initandlisten","msg":"Timestamp monitor starting"}
{"t":{"$date":"2024-03-28T17:48:27.655+09:00"},"s":"W",  "c":"CONTROL",  "id":22120,   "ctx":"initandlisten","msg":"Access control is not enabled for the database. Read and write access to data and configuration is unrestricted","tags":["startupWarnings"]}
{"t":{"$date":"2024-03-28T17:48:27.655+09:00"},"s":"W",  "c":"CONTROL",  "id":22138,   "ctx":"initandlisten","msg":"You are running this process as the root user, which is not recommended","tags":["startupWarnings"]}
{"t":{"$date":"2024-03-28T17:48:27.655+09:00"},"s":"W",  "c":"CONTROL",  "id":22184,   "ctx":"initandlisten","msg":"Soft rlimits too low","attr":{"currentValue":1024,"recommendedMinimum":64000},"tags":["startupWarnings"]}
{"t":{"$date":"2024-03-28T17:48:27.656+09:00"},"s":"I",  "c":"STORAGE",  "id":20536,   "ctx":"initandlisten","msg":"Flow Control is enabled on this deployment"}
{"t":{"$date":"2024-03-28T17:48:27.657+09:00"},"s":"I",  "c":"SHARDING", "id":20997,   "ctx":"initandlisten","msg":"Refreshed RWC defaults","attr":{"newDefaults":{}}}
{"t":{"$date":"2024-03-28T17:48:27.657+09:00"},"s":"I",  "c":"STORAGE",  "id":20320,   "ctx":"initandlisten","msg":"createCollection","attr":{"namespace":"local.startup_log","uuidDisposition":"generated","uuid":{"uuid":{"$uuid":"c79b3f36-9a33-4b21-8a07-d72e10392ae8"}},"options":{"capped":true,"size":10485760}}}
{"t":{"$date":"2024-03-28T17:48:27.671+09:00"},"s":"I",  "c":"INDEX",    "id":20345,   "ctx":"initandlisten","msg":"Index build: done building","attr":{"buildUUID":null,"namespace":"local.startup_log","index":"_id_","commitTimestamp":{"$timestamp":{"t":0,"i":0}}}}
{"t":{"$date":"2024-03-28T17:48:27.671+09:00"},"s":"I",  "c":"FTDC",     "id":20625,   "ctx":"initandlisten","msg":"Initializing full-time diagnostic data capture","attr":{"dataDirectory":"/shard/data/configdb/diagnostic.data"}}
{"t":{"$date":"2024-03-28T17:48:27.672+09:00"},"s":"I",  "c":"SHARDING", "id":22649,   "ctx":"thread1","msg":"Creating distributed lock ping thread","attr":{"processId":"ConfigServer","pingIntervalMillis":30000}}
{"t":{"$date":"2024-03-28T17:48:27.672+09:00"},"s":"I",  "c":"SHARDING", "id":22727,   "ctx":"shard-registry-reload","msg":"Error running periodic reload of shard registry","attr":{"error":"ReadConcernMajorityNotAvailableYet: could not get updated shard list from config server :: caused by :: Read concern majority reads are currently not possible.","shardRegistryReloadIntervalSeconds":30}}
{"t":{"$date":"2024-03-28T17:48:27.672+09:00"},"s":"I",  "c":"REPL",     "id":6015317, "ctx":"initandlisten","msg":"Setting new configuration state","attr":{"newState":"ConfigStartingUp","oldState":"ConfigPreStart"}}
{"t":{"$date":"2024-03-28T17:48:27.673+09:00"},"s":"I",  "c":"REPL",     "id":4280500, "ctx":"initandlisten","msg":"Attempting to create internal replication collections"}
{"t":{"$date":"2024-03-28T17:48:27.673+09:00"},"s":"I",  "c":"STORAGE",  "id":20320,   "ctx":"initandlisten","msg":"createCollection","attr":{"namespace":"local.replset.oplogTruncateAfterPoint","uuidDisposition":"generated","uuid":{"uuid":{"$uuid":"8917062f-0c5a-44cc-a583-d086f640f1c4"}},"options":{}}}
{"t":{"$date":"2024-03-28T17:48:27.687+09:00"},"s":"I",  "c":"INDEX",    "id":20345,   "ctx":"initandlisten","msg":"Index build: done building","attr":{"buildUUID":null,"namespace":"local.replset.oplogTruncateAfterPoint","index":"_id_","commitTimestamp":{"$timestamp":{"t":0,"i":0}}}}
{"t":{"$date":"2024-03-28T17:48:27.687+09:00"},"s":"I",  "c":"STORAGE",  "id":20320,   "ctx":"initandlisten","msg":"createCollection","attr":{"namespace":"local.replset.minvalid","uuidDisposition":"generated","uuid":{"uuid":{"$uuid":"5666f4e8-97f3-47b2-a962-80804f7ffbba"}},"options":{}}}
{"t":{"$date":"2024-03-28T17:48:27.701+09:00"},"s":"I",  "c":"INDEX",    "id":20345,   "ctx":"initandlisten","msg":"Index build: done building","attr":{"buildUUID":null,"namespace":"local.replset.minvalid","index":"_id_","commitTimestamp":{"$timestamp":{"t":0,"i":0}}}}
{"t":{"$date":"2024-03-28T17:48:27.701+09:00"},"s":"I",  "c":"STORAGE",  "id":20320,   "ctx":"initandlisten","msg":"createCollection","attr":{"namespace":"local.replset.election","uuidDisposition":"generated","uuid":{"uuid":{"$uuid":"53aea1f4-a18c-4232-a7af-4fe439916548"}},"options":{}}}
{"t":{"$date":"2024-03-28T17:48:27.715+09:00"},"s":"I",  "c":"INDEX",    "id":20345,   "ctx":"initandlisten","msg":"Index build: done building","attr":{"buildUUID":null,"namespace":"local.replset.election","index":"_id_","commitTimestamp":{"$timestamp":{"t":0,"i":0}}}}
{"t":{"$date":"2024-03-28T17:48:27.715+09:00"},"s":"I",  "c":"REPL",     "id":4280501, "ctx":"initandlisten","msg":"Attempting to load local voted for document"}
{"t":{"$date":"2024-03-28T17:48:27.715+09:00"},"s":"I",  "c":"REPL",     "id":21311,   "ctx":"initandlisten","msg":"Did not find local initialized voted for document at startup"}
{"t":{"$date":"2024-03-28T17:48:27.715+09:00"},"s":"I",  "c":"REPL",     "id":4280502, "ctx":"initandlisten","msg":"Searching for local Rollback ID document"}
{"t":{"$date":"2024-03-28T17:48:27.715+09:00"},"s":"I",  "c":"REPL",     "id":21312,   "ctx":"initandlisten","msg":"Did not find local Rollback ID document at startup. Creating one"}
{"t":{"$date":"2024-03-28T17:48:27.715+09:00"},"s":"I",  "c":"STORAGE",  "id":20320,   "ctx":"initandlisten","msg":"createCollection","attr":{"namespace":"local.system.rollback.id","uuidDisposition":"generated","uuid":{"uuid":{"$uuid":"3dad11db-abdc-4a5a-a6f8-17c2d027aeb2"}},"options":{}}}
{"t":{"$date":"2024-03-28T17:48:27.729+09:00"},"s":"I",  "c":"INDEX",    "id":20345,   "ctx":"initandlisten","msg":"Index build: done building","attr":{"buildUUID":null,"namespace":"local.system.rollback.id","index":"_id_","commitTimestamp":{"$timestamp":{"t":0,"i":0}}}}
{"t":{"$date":"2024-03-28T17:48:27.729+09:00"},"s":"I",  "c":"REPL",     "id":21531,   "ctx":"initandlisten","msg":"Initialized the rollback ID","attr":{"rbid":1}}
{"t":{"$date":"2024-03-28T17:48:27.729+09:00"},"s":"I",  "c":"REPL",     "id":21313,   "ctx":"initandlisten","msg":"Did not find local replica set configuration document at startup","attr":{"error":{"code":47,"codeName":"NoMatchingDocument","errmsg":"Did not find replica set configuration document in local.system.replset"}}}
{"t":{"$date":"2024-03-28T17:48:27.729+09:00"},"s":"I",  "c":"REPL",     "id":6015317, "ctx":"initandlisten","msg":"Setting new configuration state","attr":{"newState":"ConfigUninitialized","oldState":"ConfigStartingUp"}}
{"t":{"$date":"2024-03-28T17:48:27.730+09:00"},"s":"I",  "c":"SH_REFR",  "id":24101,   "ctx":"ConfigServerCatalogCacheLoader-0","msg":"Refreshed cached database entry","attr":{"db":"config","newDbVersion":{"uuid":{"$uuid":"845d9074-9176-4eae-ad70-7ac4709d18a2"},"lastMod":0},"oldDbVersion":{},"durationMillis":0}}
{"t":{"$date":"2024-03-28T17:48:27.731+09:00"},"s":"I",  "c":"CONTROL",  "id":20712,   "ctx":"LogicalSessionCacheReap","msg":"Sessions collection is not set up; waiting until next sessions reap interval","attr":{"error":"NotYetInitialized: Cannot use non-local read concern until replica set is finished initializing."}}
{"t":{"$date":"2024-03-28T17:48:27.731+09:00"},"s":"I",  "c":"CONTROL",  "id":20714,   "ctx":"LogicalSessionCacheRefresh","msg":"Failed to refresh session cache, will try again at the next refresh interval","attr":{"error":"ShardNotFound: Failed to create config.system.sessions: cannot create the collection until there are shards"}}
{"t":{"$date":"2024-03-28T17:48:27.731+09:00"},"s":"I",  "c":"REPL",     "id":40440,   "ctx":"initandlisten","msg":"Starting the TopologyVersionObserver"}
{"t":{"$date":"2024-03-28T17:48:27.731+09:00"},"s":"I",  "c":"REPL",     "id":40445,   "ctx":"TopologyVersionObserver","msg":"Started TopologyVersionObserver"}
{"t":{"$date":"2024-03-28T17:48:27.731+09:00"},"s":"I",  "c":"NETWORK",  "id":23015,   "ctx":"listener","msg":"Listening on","attr":{"address":"/tmp/mongodb-27019.sock"}}
{"t":{"$date":"2024-03-28T17:48:27.731+09:00"},"s":"I",  "c":"NETWORK",  "id":23015,   "ctx":"listener","msg":"Listening on","attr":{"address":"0.0.0.0"}}
{"t":{"$date":"2024-03-28T17:48:27.731+09:00"},"s":"I",  "c":"NETWORK",  "id":23016,   "ctx":"listener","msg":"Waiting for connections","attr":{"port":27019,"ssl":"off"}}
{"t":{"$date":"2024-03-28T17:48:30.451+09:00"},"s":"I",  "c":"NETWORK",  "id":22943,   "ctx":"listener","msg":"Connection accepted","attr":{"remote":"192.168.1.141:52136","connectionId":1,"connectionCount":1}}
{"t":{"$date":"2024-03-28T17:48:30.452+09:00"},"s":"I",  "c":"NETWORK",  "id":51800,   "ctx":"conn1","msg":"client metadata","attr":{"remote":"192.168.1.141:52136","client":"conn1","doc":{"application":{"name":"MongoDB Shell"},"driver":{"name":"MongoDB Internal Client","version":"4.4.29"},"os":{"type":"Linux","name":"Ubuntu","architecture":"x86_64","version":"22.04"}}}}
{"t":{"$date":"2024-03-28T17:48:30.459+09:00"},"s":"I",  "c":"COMMAND",  "id":21577,   "ctx":"conn1","msg":"Initiate: no configuration specified. Using a default configuration for the set"}
{"t":{"$date":"2024-03-28T17:48:30.459+09:00"},"s":"I",  "c":"COMMAND",  "id":21578,   "ctx":"conn1","msg":"Created configuration for initiation","attr":{"config":"{ _id: \"ConfigReplSet\", version: 1, members: [ { _id: 0, host: \"shard:27019\" } ] }"}}
{"t":{"$date":"2024-03-28T17:48:30.459+09:00"},"s":"I",  "c":"REPL",     "id":21356,   "ctx":"conn1","msg":"replSetInitiate admin command received from client"}
{"t":{"$date":"2024-03-28T17:48:30.459+09:00"},"s":"I",  "c":"REPL",     "id":6015317, "ctx":"conn1","msg":"Setting new configuration state","attr":{"newState":"ConfigInitiating","oldState":"ConfigUninitialized"}}
{"t":{"$date":"2024-03-28T17:48:30.460+09:00"},"s":"I",  "c":"REPL",     "id":21357,   "ctx":"conn1","msg":"replSetInitiate config object parses ok","attr":{"numMembers":1}}
{"t":{"$date":"2024-03-28T17:48:30.460+09:00"},"s":"I",  "c":"REPL",     "id":21251,   "ctx":"conn1","msg":"Creating replication oplog","attr":{"oplogSizeMB":990}}
{"t":{"$date":"2024-03-28T17:48:30.460+09:00"},"s":"I",  "c":"STORAGE",  "id":20320,   "ctx":"conn1","msg":"createCollection","attr":{"namespace":"local.oplog.rs","uuidDisposition":"generated","uuid":{"uuid":{"$uuid":"8647bcde-e86b-48d1-9414-fc96e0cd7b11"}},"options":{"capped":true,"size":1038090240,"autoIndexId":false}}}
{"t":{"$date":"2024-03-28T17:48:30.471+09:00"},"s":"I",  "c":"STORAGE",  "id":22383,   "ctx":"conn1","msg":"The size storer reports that the oplog contains","attr":{"numRecords":0,"dataSize":0}}
{"t":{"$date":"2024-03-28T17:48:30.471+09:00"},"s":"I",  "c":"STORAGE",  "id":22382,   "ctx":"conn1","msg":"WiredTiger record store oplog processing finished","attr":{"durationMillis":0}}
{"t":{"$date":"2024-03-28T17:48:30.475+09:00"},"s":"I",  "c":"STORAGE",  "id":22430,   "ctx":"conn1","msg":"WiredTiger message","attr":{"message":"[1711615710:475254][5991:0x7432204e5640], WT_SESSION.checkpoint: [WT_VERB_CHECKPOINT_PROGRESS] saving checkpoint snapshot min: 52, snapshot max: 52 snapshot count: 0, oldest timestamp: (0, 0) , meta checkpoint timestamp: (0, 0) base write gen: 1"}}
{"t":{"$date":"2024-03-28T17:48:30.514+09:00"},"s":"I",  "c":"STORAGE",  "id":20320,   "ctx":"conn1","msg":"createCollection","attr":{"namespace":"local.system.replset","uuidDisposition":"generated","uuid":{"uuid":{"$uuid":"9ec001ef-f8be-4420-bcb6-957b56d70bdd"}},"options":{}}}
{"t":{"$date":"2024-03-28T17:48:30.528+09:00"},"s":"I",  "c":"INDEX",    "id":20345,   "ctx":"conn1","msg":"Index build: done building","attr":{"buildUUID":null,"namespace":"local.system.replset","index":"_id_","commitTimestamp":{"$timestamp":{"t":1711615710,"i":1}}}}
{"t":{"$date":"2024-03-28T17:48:30.528+09:00"},"s":"I",  "c":"STORAGE",  "id":20320,   "ctx":"conn1","msg":"createCollection","attr":{"namespace":"admin.system.version","uuidDisposition":"provided","uuid":{"uuid":{"$uuid":"c69a9749-6134-4966-bceb-e4de57aa0cd8"}},"options":{"uuid":{"$uuid":"c69a9749-6134-4966-bceb-e4de57aa0cd8"}}}}
{"t":{"$date":"2024-03-28T17:48:30.542+09:00"},"s":"I",  "c":"INDEX",    "id":20345,   "ctx":"conn1","msg":"Index build: done building","attr":{"buildUUID":null,"namespace":"admin.system.version","index":"_id_","commitTimestamp":{"$timestamp":{"t":1711615710,"i":1}}}}
{"t":{"$date":"2024-03-28T17:48:30.542+09:00"},"s":"I",  "c":"COMMAND",  "id":20459,   "ctx":"conn1","msg":"Setting featureCompatibilityVersion","attr":{"newVersion":"4.4"}}
{"t":{"$date":"2024-03-28T17:48:30.542+09:00"},"s":"I",  "c":"NETWORK",  "id":22991,   "ctx":"conn1","msg":"Skip closing connection for connection","attr":{"connectionId":1}}
{"t":{"$date":"2024-03-28T17:48:30.542+09:00"},"s":"I",  "c":"REPL",     "id":6015317, "ctx":"conn1","msg":"Setting new configuration state","attr":{"newState":"ConfigSteady","oldState":"ConfigInitiating"}}
{"t":{"$date":"2024-03-28T17:48:30.542+09:00"},"s":"I",  "c":"REPL",     "id":21392,   "ctx":"conn1","msg":"New replica set config in use","attr":{"config":{"_id":"ConfigReplSet","version":1,"term":0,"configsvr":true,"protocolVersion":1,"writeConcernMajorityJournalDefault":true,"members":[{"_id":0,"host":"shard:27019","arbiterOnly":false,"buildIndexes":true,"hidden":false,"priority":1.0,"tags":{},"slaveDelay":0,"votes":1}],"settings":{"chainingAllowed":true,"heartbeatIntervalMillis":2000,"heartbeatTimeoutSecs":10,"electionTimeoutMillis":10000,"catchUpTimeoutMillis":-1,"catchUpTakeoverDelayMillis":30000,"getLastErrorModes":{},"getLastErrorDefaults":{"w":1,"wtimeout":0},"replicaSetId":{"$oid":"66052ede3a3087a8519e1054"}}}}}
{"t":{"$date":"2024-03-28T17:48:30.542+09:00"},"s":"I",  "c":"REPL",     "id":21393,   "ctx":"conn1","msg":"Found self in config","attr":{"hostAndPort":"shard:27019"}}
{"t":{"$date":"2024-03-28T17:48:30.542+09:00"},"s":"I",  "c":"REPL",     "id":21358,   "ctx":"conn1","msg":"Replica set state transition","attr":{"newState":"STARTUP2","oldState":"STARTUP"}}
{"t":{"$date":"2024-03-28T17:48:30.542+09:00"},"s":"I",  "c":"REPL",     "id":21306,   "ctx":"conn1","msg":"Starting replication storage threads"}
{"t":{"$date":"2024-03-28T17:48:30.543+09:00"},"s":"I",  "c":"REPL",     "id":4280512, "ctx":"conn1","msg":"No initial sync required. Attempting to begin steady replication"}
{"t":{"$date":"2024-03-28T17:48:30.543+09:00"},"s":"I",  "c":"REPL",     "id":21358,   "ctx":"conn1","msg":"Replica set state transition","attr":{"newState":"RECOVERING","oldState":"STARTUP2"}}
{"t":{"$date":"2024-03-28T17:48:30.543+09:00"},"s":"I",  "c":"STORAGE",  "id":20320,   "ctx":"conn1","msg":"createCollection","attr":{"namespace":"local.replset.initialSyncId","uuidDisposition":"generated","uuid":{"uuid":{"$uuid":"a4718e45-27bd-4828-9d66-8d2d01b0609d"}},"options":{}}}
{"t":{"$date":"2024-03-28T17:48:30.556+09:00"},"s":"I",  "c":"INDEX",    "id":20345,   "ctx":"conn1","msg":"Index build: done building","attr":{"buildUUID":null,"namespace":"local.replset.initialSyncId","index":"_id_","commitTimestamp":{"$timestamp":{"t":1711615710,"i":1}}}}
{"t":{"$date":"2024-03-28T17:48:30.556+09:00"},"s":"I",  "c":"REPL",     "id":21299,   "ctx":"conn1","msg":"Starting replication fetcher thread"}
{"t":{"$date":"2024-03-28T17:48:30.556+09:00"},"s":"I",  "c":"REPL",     "id":21300,   "ctx":"conn1","msg":"Starting replication applier thread"}
{"t":{"$date":"2024-03-28T17:48:30.557+09:00"},"s":"I",  "c":"REPL",     "id":21301,   "ctx":"conn1","msg":"Starting replication reporter thread"}
{"t":{"$date":"2024-03-28T17:48:30.557+09:00"},"s":"I",  "c":"REPL",     "id":21224,   "ctx":"OplogApplier-0","msg":"Starting oplog application"}
{"t":{"$date":"2024-03-28T17:48:30.557+09:00"},"s":"I",  "c":"REPL",     "id":21358,   "ctx":"OplogApplier-0","msg":"Replica set state transition","attr":{"newState":"SECONDARY","oldState":"RECOVERING"}}
{"t":{"$date":"2024-03-28T17:48:30.557+09:00"},"s":"I",  "c":"ELECTION", "id":4615652, "ctx":"OplogApplier-0","msg":"Starting an election, since we've seen no PRIMARY in election timeout period","attr":{"electionTimeoutPeriodMillis":10000}}
{"t":{"$date":"2024-03-28T17:48:30.557+09:00"},"s":"I",  "c":"ELECTION", "id":21438,   "ctx":"OplogApplier-0","msg":"Conducting a dry run election to see if we could be elected","attr":{"currentTerm":0}}
{"t":{"$date":"2024-03-28T17:48:30.557+09:00"},"s":"I",  "c":"ELECTION", "id":21444,   "ctx":"ReplCoord-0","msg":"Dry election run succeeded, running for election","attr":{"newTerm":1}}
{"t":{"$date":"2024-03-28T17:48:30.557+09:00"},"s":"I",  "c":"ELECTION", "id":6015300, "ctx":"ReplCoord-0","msg":"Storing last vote document in local storage for my election","attr":{"lastVote":{"term":1,"candidateIndex":0}}}
{"t":{"$date":"2024-03-28T17:48:30.559+09:00"},"s":"I",  "c":"ELECTION", "id":21450,   "ctx":"ReplCoord-0","msg":"Election succeeded, assuming primary role","attr":{"term":1}}
{"t":{"$date":"2024-03-28T17:48:30.559+09:00"},"s":"I",  "c":"REPL",     "id":21358,   "ctx":"ReplCoord-0","msg":"Replica set state transition","attr":{"newState":"PRIMARY","oldState":"SECONDARY"}}
{"t":{"$date":"2024-03-28T17:48:30.559+09:00"},"s":"I",  "c":"REPL",     "id":21106,   "ctx":"ReplCoord-0","msg":"Resetting sync source to empty","attr":{"previousSyncSource":":27017"}}
{"t":{"$date":"2024-03-28T17:48:30.559+09:00"},"s":"I",  "c":"REPL",     "id":21359,   "ctx":"ReplCoord-0","msg":"Entering primary catch-up mode"}
{"t":{"$date":"2024-03-28T17:48:30.559+09:00"},"s":"I",  "c":"REPL",     "id":6015304, "ctx":"ReplCoord-0","msg":"Skipping primary catchup since we are the only node in the replica set."}
{"t":{"$date":"2024-03-28T17:48:30.559+09:00"},"s":"I",  "c":"REPL",     "id":21363,   "ctx":"ReplCoord-0","msg":"Exited primary catch-up mode"}
{"t":{"$date":"2024-03-28T17:48:30.559+09:00"},"s":"I",  "c":"REPL",     "id":21107,   "ctx":"ReplCoord-0","msg":"Stopping replication producer"}
{"t":{"$date":"2024-03-28T17:48:30.559+09:00"},"s":"I",  "c":"REPL",     "id":21239,   "ctx":"ReplBatcher","msg":"Oplog buffer has been drained","attr":{"term":1}}
{"t":{"$date":"2024-03-28T17:48:30.559+09:00"},"s":"I",  "c":"REPL",     "id":21239,   "ctx":"ReplBatcher","msg":"Oplog buffer has been drained","attr":{"term":1}}
{"t":{"$date":"2024-03-28T17:48:30.560+09:00"},"s":"I",  "c":"REPL",     "id":21343,   "ctx":"RstlKillOpThread","msg":"Starting to kill user operations"}
{"t":{"$date":"2024-03-28T17:48:30.560+09:00"},"s":"I",  "c":"REPL",     "id":21344,   "ctx":"RstlKillOpThread","msg":"Stopped killing user operations"}
{"t":{"$date":"2024-03-28T17:48:30.560+09:00"},"s":"I",  "c":"REPL",     "id":21340,   "ctx":"RstlKillOpThread","msg":"State transition ops metrics","attr":{"metrics":{"lastStateTransition":"stepUp","userOpsKilled":0,"userOpsRunning":0}}}
{"t":{"$date":"2024-03-28T17:48:30.560+09:00"},"s":"I",  "c":"REPL",     "id":4508103, "ctx":"OplogApplier-0","msg":"Increment the config term via reconfig"}
{"t":{"$date":"2024-03-28T17:48:30.560+09:00"},"s":"I",  "c":"REPL",     "id":6015313, "ctx":"OplogApplier-0","msg":"Replication config state is Steady, starting reconfig"}
{"t":{"$date":"2024-03-28T17:48:30.560+09:00"},"s":"I",  "c":"REPL",     "id":6015317, "ctx":"OplogApplier-0","msg":"Setting new configuration state","attr":{"newState":"ConfigReconfiguring","oldState":"ConfigSteady"}}
{"t":{"$date":"2024-03-28T17:48:30.560+09:00"},"s":"I",  "c":"REPL",     "id":21353,   "ctx":"OplogApplier-0","msg":"replSetReconfig config object parses ok","attr":{"numMembers":1}}
{"t":{"$date":"2024-03-28T17:48:30.560+09:00"},"s":"I",  "c":"REPL",     "id":51814,   "ctx":"OplogApplier-0","msg":"Persisting new config to disk"}
{"t":{"$date":"2024-03-28T17:48:30.561+09:00"},"s":"I",  "c":"REPL",     "id":6015315, "ctx":"OplogApplier-0","msg":"Persisted new config to disk"}
{"t":{"$date":"2024-03-28T17:48:30.561+09:00"},"s":"I",  "c":"REPL",     "id":6015317, "ctx":"OplogApplier-0","msg":"Setting new configuration state","attr":{"newState":"ConfigSteady","oldState":"ConfigReconfiguring"}}
{"t":{"$date":"2024-03-28T17:48:30.561+09:00"},"s":"I",  "c":"REPL",     "id":21392,   "ctx":"OplogApplier-0","msg":"New replica set config in use","attr":{"config":{"_id":"ConfigReplSet","version":1,"term":1,"configsvr":true,"protocolVersion":1,"writeConcernMajorityJournalDefault":true,"members":[{"_id":0,"host":"shard:27019","arbiterOnly":false,"buildIndexes":true,"hidden":false,"priority":1.0,"tags":{},"slaveDelay":0,"votes":1}],"settings":{"chainingAllowed":true,"heartbeatIntervalMillis":2000,"heartbeatTimeoutSecs":10,"electionTimeoutMillis":10000,"catchUpTimeoutMillis":-1,"catchUpTakeoverDelayMillis":30000,"getLastErrorModes":{},"getLastErrorDefaults":{"w":1,"wtimeout":0},"replicaSetId":{"$oid":"66052ede3a3087a8519e1054"}}}}}
{"t":{"$date":"2024-03-28T17:48:30.561+09:00"},"s":"I",  "c":"REPL",     "id":21393,   "ctx":"OplogApplier-0","msg":"Found self in config","attr":{"hostAndPort":"shard:27019"}}
{"t":{"$date":"2024-03-28T17:48:30.561+09:00"},"s":"I",  "c":"REPL",     "id":6015310, "ctx":"OplogApplier-0","msg":"Starting to transition to primary."}
{"t":{"$date":"2024-03-28T17:48:30.561+09:00"},"s":"I",  "c":"STORAGE",  "id":20320,   "ctx":"OplogApplier-0","msg":"createCollection","attr":{"namespace":"config.transactions","uuidDisposition":"generated","uuid":{"uuid":{"$uuid":"39444193-5c7a-45dd-9c77-9c770a6a41a7"}},"options":{}}}
{"t":{"$date":"2024-03-28T17:48:30.567+09:00"},"s":"I",  "c":"NETWORK",  "id":22944,   "ctx":"conn1","msg":"Connection ended","attr":{"remote":"192.168.1.141:52136","connectionId":1,"connectionCount":0}}
{"t":{"$date":"2024-03-28T17:48:30.577+09:00"},"s":"I",  "c":"INDEX",    "id":20345,   "ctx":"OplogApplier-0","msg":"Index build: done building","attr":{"buildUUID":null,"namespace":"config.transactions","index":"_id_","commitTimestamp":{"$timestamp":{"t":1711615710,"i":3}}}}
{"t":{"$date":"2024-03-28T17:48:30.577+09:00"},"s":"I",  "c":"STORAGE",  "id":20320,   "ctx":"OplogApplier-0","msg":"createCollection","attr":{"namespace":"config.image_collection","uuidDisposition":"generated","uuid":{"uuid":{"$uuid":"c1dd891c-960c-4ec2-a0cb-ec14a4cfddcf"}},"options":{}}}
{"t":{"$date":"2024-03-28T17:48:30.592+09:00"},"s":"I",  "c":"INDEX",    "id":20345,   "ctx":"OplogApplier-0","msg":"Index build: done building","attr":{"buildUUID":null,"namespace":"config.image_collection","index":"_id_","commitTimestamp":{"$timestamp":{"t":1711615710,"i":4}}}}
{"t":{"$date":"2024-03-28T17:48:30.592+09:00"},"s":"I",  "c":"REPL",     "id":6015309, "ctx":"OplogApplier-0","msg":"Logging transition to primary to oplog on stepup"}
{"t":{"$date":"2024-03-28T17:48:30.592+09:00"},"s":"I",  "c":"STORAGE",  "id":20320,   "ctx":"OplogApplier-0","msg":"createCollection","attr":{"namespace":"config.chunks","uuidDisposition":"provided","uuid":{"uuid":{"$uuid":"f1c90043-ff8b-4ee2-8502-9294f2900c17"}},"options":{"uuid":{"$uuid":"f1c90043-ff8b-4ee2-8502-9294f2900c17"}}}}
{"t":{"$date":"2024-03-28T17:48:30.607+09:00"},"s":"I",  "c":"INDEX",    "id":20345,   "ctx":"OplogApplier-0","msg":"Index build: done building","attr":{"buildUUID":null,"namespace":"config.chunks","index":"_id_","commitTimestamp":{"$timestamp":{"t":1711615710,"i":6}}}}
{"t":{"$date":"2024-03-28T17:48:30.611+09:00"},"s":"I",  "c":"NETWORK",  "id":22943,   "ctx":"listener","msg":"Connection accepted","attr":{"remote":"192.168.1.141:52146","connectionId":2,"connectionCount":1}}
{"t":{"$date":"2024-03-28T17:48:30.612+09:00"},"s":"I",  "c":"NETWORK",  "id":51800,   "ctx":"conn2","msg":"client metadata","attr":{"remote":"192.168.1.141:52146","client":"conn2","doc":{"driver":{"name":"NetworkInterfaceTL","version":"4.4.29"},"os":{"type":"Linux","name":"Ubuntu","architecture":"x86_64","version":"22.04"}}}}
{"t":{"$date":"2024-03-28T17:48:30.614+09:00"},"s":"I",  "c":"NETWORK",  "id":22943,   "ctx":"listener","msg":"Connection accepted","attr":{"remote":"192.168.1.141:52148","connectionId":3,"connectionCount":2}}
{"t":{"$date":"2024-03-28T17:48:30.614+09:00"},"s":"I",  "c":"NETWORK",  "id":51800,   "ctx":"conn3","msg":"client metadata","attr":{"remote":"192.168.1.141:52148","client":"conn3","doc":{"driver":{"name":"NetworkInterfaceTL","version":"4.4.29"},"os":{"type":"Linux","name":"Ubuntu","architecture":"x86_64","version":"22.04"}}}}
{"t":{"$date":"2024-03-28T17:48:30.614+09:00"},"s":"I",  "c":"INDEX",    "id":20345,   "ctx":"OplogApplier-0","msg":"Index build: done building","attr":{"buildUUID":null,"namespace":"config.chunks","index":"ns_1_min_1","commitTimestamp":{"$timestamp":{"t":1711615710,"i":7}}}}
{"t":{"$date":"2024-03-28T17:48:30.615+09:00"},"s":"I",  "c":"NETWORK",  "id":22943,   "ctx":"listener","msg":"Connection accepted","attr":{"remote":"192.168.1.141:52160","connectionId":4,"connectionCount":3}}
{"t":{"$date":"2024-03-28T17:48:30.616+09:00"},"s":"I",  "c":"NETWORK",  "id":22943,   "ctx":"listener","msg":"Connection accepted","attr":{"remote":"192.168.1.141:52170","connectionId":5,"connectionCount":4}}
{"t":{"$date":"2024-03-28T17:48:30.616+09:00"},"s":"I",  "c":"NETWORK",  "id":51800,   "ctx":"conn5","msg":"client metadata","attr":{"remote":"192.168.1.141:52170","client":"conn5","doc":{"driver":{"name":"NetworkInterfaceTL","version":"4.4.29"},"os":{"type":"Linux","name":"Ubuntu","architecture":"x86_64","version":"22.04"}}}}
{"t":{"$date":"2024-03-28T17:48:30.616+09:00"},"s":"I",  "c":"NETWORK",  "id":51800,   "ctx":"conn4","msg":"client metadata","attr":{"remote":"192.168.1.141:52160","client":"conn4","doc":{"driver":{"name":"NetworkInterfaceTL","version":"4.4.29"},"os":{"type":"Linux","name":"Ubuntu","architecture":"x86_64","version":"22.04"}}}}
{"t":{"$date":"2024-03-28T17:48:30.616+09:00"},"s":"I",  "c":"NETWORK",  "id":22943,   "ctx":"listener","msg":"Connection accepted","attr":{"remote":"192.168.1.141:52186","connectionId":6,"connectionCount":5}}
{"t":{"$date":"2024-03-28T17:48:30.617+09:00"},"s":"I",  "c":"NETWORK",  "id":51800,   "ctx":"conn6","msg":"client metadata","attr":{"remote":"192.168.1.141:52186","client":"conn6","doc":{"driver":{"name":"NetworkInterfaceTL","version":"4.4.29"},"os":{"type":"Linux","name":"Ubuntu","architecture":"x86_64","version":"22.04"}}}}
{"t":{"$date":"2024-03-28T17:48:30.617+09:00"},"s":"I",  "c":"NETWORK",  "id":22943,   "ctx":"listener","msg":"Connection accepted","attr":{"remote":"192.168.1.141:52198","connectionId":7,"connectionCount":6}}
{"t":{"$date":"2024-03-28T17:48:30.617+09:00"},"s":"I",  "c":"NETWORK",  "id":51800,   "ctx":"conn7","msg":"client metadata","attr":{"remote":"192.168.1.141:52198","client":"conn7","doc":{"driver":{"name":"NetworkInterfaceTL","version":"4.4.29"},"os":{"type":"Linux","name":"Ubuntu","architecture":"x86_64","version":"22.04"}}}}
{"t":{"$date":"2024-03-28T17:48:30.622+09:00"},"s":"I",  "c":"INDEX",    "id":20345,   "ctx":"OplogApplier-0","msg":"Index build: done building","attr":{"buildUUID":null,"namespace":"config.chunks","index":"ns_1_shard_1_min_1","commitTimestamp":{"$timestamp":{"t":1711615710,"i":8}}}}
{"t":{"$date":"2024-03-28T17:48:30.629+09:00"},"s":"I",  "c":"INDEX",    "id":20345,   "ctx":"OplogApplier-0","msg":"Index build: done building","attr":{"buildUUID":null,"namespace":"config.chunks","index":"ns_1_lastmod_1","commitTimestamp":{"$timestamp":{"t":1711615710,"i":9}}}}
{"t":{"$date":"2024-03-28T17:48:30.629+09:00"},"s":"I",  "c":"STORAGE",  "id":20320,   "ctx":"OplogApplier-0","msg":"createCollection","attr":{"namespace":"config.migrations","uuidDisposition":"provided","uuid":{"uuid":{"$uuid":"979b3e87-1f69-484a-ac6e-7392b3cf8d35"}},"options":{"uuid":{"$uuid":"979b3e87-1f69-484a-ac6e-7392b3cf8d35"}}}}
{"t":{"$date":"2024-03-28T17:48:30.643+09:00"},"s":"I",  "c":"INDEX",    "id":20345,   "ctx":"OplogApplier-0","msg":"Index build: done building","attr":{"buildUUID":null,"namespace":"config.migrations","index":"_id_","commitTimestamp":{"$timestamp":{"t":1711615710,"i":10}}}}
{"t":{"$date":"2024-03-28T17:48:30.652+09:00"},"s":"I",  "c":"INDEX",    "id":20345,   "ctx":"OplogApplier-0","msg":"Index build: done building","attr":{"buildUUID":null,"namespace":"config.migrations","index":"ns_1_min_1","commitTimestamp":{"$timestamp":{"t":1711615710,"i":11}}}}
{"t":{"$date":"2024-03-28T17:48:30.652+09:00"},"s":"I",  "c":"STORAGE",  "id":20320,   "ctx":"OplogApplier-0","msg":"createCollection","attr":{"namespace":"config.shards","uuidDisposition":"provided","uuid":{"uuid":{"$uuid":"9af6fdb9-7e34-4140-ad80-ae6873a98060"}},"options":{"uuid":{"$uuid":"9af6fdb9-7e34-4140-ad80-ae6873a98060"}}}}
{"t":{"$date":"2024-03-28T17:48:30.666+09:00"},"s":"I",  "c":"INDEX",    "id":20345,   "ctx":"OplogApplier-0","msg":"Index build: done building","attr":{"buildUUID":null,"namespace":"config.shards","index":"_id_","commitTimestamp":{"$timestamp":{"t":1711615710,"i":12}}}}
{"t":{"$date":"2024-03-28T17:48:30.673+09:00"},"s":"I",  "c":"INDEX",    "id":20345,   "ctx":"OplogApplier-0","msg":"Index build: done building","attr":{"buildUUID":null,"namespace":"config.shards","index":"host_1","commitTimestamp":{"$timestamp":{"t":1711615710,"i":13}}}}
{"t":{"$date":"2024-03-28T17:48:30.673+09:00"},"s":"I",  "c":"STORAGE",  "id":20320,   "ctx":"OplogApplier-0","msg":"createCollection","attr":{"namespace":"config.locks","uuidDisposition":"provided","uuid":{"uuid":{"$uuid":"6353a56b-cbf1-4262-ae4d-4e74c9193913"}},"options":{"uuid":{"$uuid":"6353a56b-cbf1-4262-ae4d-4e74c9193913"}}}}
{"t":{"$date":"2024-03-28T17:48:30.687+09:00"},"s":"I",  "c":"INDEX",    "id":20345,   "ctx":"OplogApplier-0","msg":"Index build: done building","attr":{"buildUUID":null,"namespace":"config.locks","index":"_id_","commitTimestamp":{"$timestamp":{"t":1711615710,"i":14}}}}
{"t":{"$date":"2024-03-28T17:48:30.695+09:00"},"s":"I",  "c":"INDEX",    "id":20345,   "ctx":"OplogApplier-0","msg":"Index build: done building","attr":{"buildUUID":null,"namespace":"config.locks","index":"ts_1","commitTimestamp":{"$timestamp":{"t":1711615710,"i":15}}}}
{"t":{"$date":"2024-03-28T17:48:30.702+09:00"},"s":"I",  "c":"INDEX",    "id":20345,   "ctx":"OplogApplier-0","msg":"Index build: done building","attr":{"buildUUID":null,"namespace":"config.locks","index":"process_1","commitTimestamp":{"$timestamp":{"t":1711615710,"i":16}}}}
{"t":{"$date":"2024-03-28T17:48:30.710+09:00"},"s":"I",  "c":"INDEX",    "id":20345,   "ctx":"OplogApplier-0","msg":"Index build: done building","attr":{"buildUUID":null,"namespace":"config.locks","index":"state_1_process_1","commitTimestamp":{"$timestamp":{"t":1711615710,"i":17}}}}
{"t":{"$date":"2024-03-28T17:48:30.710+09:00"},"s":"I",  "c":"STORAGE",  "id":20320,   "ctx":"OplogApplier-0","msg":"createCollection","attr":{"namespace":"config.lockpings","uuidDisposition":"provided","uuid":{"uuid":{"$uuid":"975b2693-eece-4eda-a4d5-8fecdaf2c043"}},"options":{"uuid":{"$uuid":"975b2693-eece-4eda-a4d5-8fecdaf2c043"}}}}
{"t":{"$date":"2024-03-28T17:48:30.724+09:00"},"s":"I",  "c":"INDEX",    "id":20345,   "ctx":"OplogApplier-0","msg":"Index build: done building","attr":{"buildUUID":null,"namespace":"config.lockpings","index":"_id_","commitTimestamp":{"$timestamp":{"t":1711615710,"i":18}}}}
{"t":{"$date":"2024-03-28T17:48:30.731+09:00"},"s":"I",  "c":"INDEX",    "id":20345,   "ctx":"OplogApplier-0","msg":"Index build: done building","attr":{"buildUUID":null,"namespace":"config.lockpings","index":"ping_1","commitTimestamp":{"$timestamp":{"t":1711615710,"i":19}}}}
{"t":{"$date":"2024-03-28T17:48:30.731+09:00"},"s":"I",  "c":"STORAGE",  "id":20320,   "ctx":"OplogApplier-0","msg":"createCollection","attr":{"namespace":"config.tags","uuidDisposition":"provided","uuid":{"uuid":{"$uuid":"16cfcf9d-956a-498a-9502-9a9ecefec8b6"}},"options":{"uuid":{"$uuid":"16cfcf9d-956a-498a-9502-9a9ecefec8b6"}}}}
{"t":{"$date":"2024-03-28T17:48:30.745+09:00"},"s":"I",  "c":"INDEX",    "id":20345,   "ctx":"OplogApplier-0","msg":"Index build: done building","attr":{"buildUUID":null,"namespace":"config.tags","index":"_id_","commitTimestamp":{"$timestamp":{"t":1711615710,"i":20}}}}
{"t":{"$date":"2024-03-28T17:48:30.753+09:00"},"s":"I",  "c":"INDEX",    "id":20345,   "ctx":"OplogApplier-0","msg":"Index build: done building","attr":{"buildUUID":null,"namespace":"config.tags","index":"ns_1_min_1","commitTimestamp":{"$timestamp":{"t":1711615710,"i":21}}}}
{"t":{"$date":"2024-03-28T17:48:30.759+09:00"},"s":"I",  "c":"INDEX",    "id":20345,   "ctx":"OplogApplier-0","msg":"Index build: done building","attr":{"buildUUID":null,"namespace":"config.tags","index":"ns_1_tag_1","commitTimestamp":{"$timestamp":{"t":1711615710,"i":22}}}}
{"t":{"$date":"2024-03-28T17:48:30.759+09:00"},"s":"I",  "c":"STORAGE",  "id":20320,   "ctx":"OplogApplier-0","msg":"createCollection","attr":{"namespace":"config.version","uuidDisposition":"generated","uuid":{"uuid":{"$uuid":"ce9535fc-dbde-4da9-bce7-e045e7e13501"}},"options":{}}}
{"t":{"$date":"2024-03-28T17:48:30.773+09:00"},"s":"I",  "c":"INDEX",    "id":20345,   "ctx":"OplogApplier-0","msg":"Index build: done building","attr":{"buildUUID":null,"namespace":"config.version","index":"_id_","commitTimestamp":{"$timestamp":{"t":1711615710,"i":23}}}}
{"t":{"$date":"2024-03-28T17:48:30.774+09:00"},"s":"I",  "c":"SHARDING", "id":21856,   "ctx":"Balancer","msg":"CSRS balancer is starting"}
{"t":{"$date":"2024-03-28T17:48:30.774+09:00"},"s":"I",  "c":"STORAGE",  "id":20657,   "ctx":"OplogApplier-0","msg":"IndexBuildsCoordinator::onStepUp - this node is stepping up to primary"}
{"t":{"$date":"2024-03-28T17:48:30.774+09:00"},"s":"I",  "c":"STORAGE",  "id":20320,   "ctx":"OplogApplier-0","msg":"createCollection","attr":{"namespace":"config.system.indexBuilds","uuidDisposition":"generated","uuid":{"uuid":{"$uuid":"5fe8f2de-9d74-42d7-8d45-c5c46146815c"}},"options":{}}}
{"t":{"$date":"2024-03-28T17:48:30.774+09:00"},"s":"I",  "c":"SHARDING", "id":22049,   "ctx":"PeriodicShardedIndexConsistencyChecker","msg":"Checking consistency of sharded collection indexes across the cluster"}
{"t":{"$date":"2024-03-28T17:48:30.789+09:00"},"s":"I",  "c":"INDEX",    "id":20345,   "ctx":"OplogApplier-0","msg":"Index build: done building","attr":{"buildUUID":null,"namespace":"config.system.indexBuilds","index":"_id_","commitTimestamp":{"$timestamp":{"t":1711615710,"i":25}}}}
{"t":{"$date":"2024-03-28T17:48:30.789+09:00"},"s":"I",  "c":"REPL",     "id":21331,   "ctx":"OplogApplier-0","msg":"Transition to primary complete; database writes are now permitted"}
{"t":{"$date":"2024-03-28T17:48:30.789+09:00"},"s":"I",  "c":"REPL",     "id":6015306, "ctx":"OplogApplier-0","msg":"Applier already left draining state, exiting."}
{"t":{"$date":"2024-03-28T17:48:30.791+09:00"},"s":"I",  "c":"STORAGE",  "id":22310,   "ctx":"JournalFlusher","msg":"Triggering the first stable checkpoint","attr":{"initialData":{"$timestamp":{"t":1711615710,"i":1}},"prevStable":{"$timestamp":{"t":0,"i":0}},"currStable":{"$timestamp":{"t":1711615710,"i":25}}}}
{"t":{"$date":"2024-03-28T17:48:30.791+09:00"},"s":"I",  "c":"TXN",      "id":22452,   "ctx":"TransactionCoordinator","msg":"Need to resume coordinating commit for transactions with an in-progress two-phase commit/abort","attr":{"numPendingTransactions":0}}
{"t":{"$date":"2024-03-28T17:48:30.791+09:00"},"s":"I",  "c":"TXN",      "id":22438,   "ctx":"TransactionCoordinator","msg":"Incoming coordinateCommit requests are now enabled"}
{"t":{"$date":"2024-03-28T17:48:30.791+09:00"},"s":"I",  "c":"COMMAND",  "id":51803,   "ctx":"conn6","msg":"Slow query","attr":{"type":"command","ns":"admin.system.keys","command":{"find":"system.keys","filter":{"purpose":"HMAC","expiresAt":{"$gt":{"$timestamp":{"t":0,"i":0}}}},"sort":{"expiresAt":1},"readConcern":{"level":"majority","afterOpTime":{"ts":{"$timestamp":{"t":0,"i":0}},"t":-1}},"maxTimeMS":30000,"$readPreference":{"mode":"nearest"},"$replData":1,"$clusterTime":{"clusterTime":{"$timestamp":{"t":0,"i":0}},"signature":{"hash":{"$binary":{"base64":"AAAAAAAAAAAAAAAAAAAAAAAAAAA=","subType":"0"}},"keyId":0}},"$configServerState":{"opTime":{"ts":{"$timestamp":{"t":0,"i":0}},"t":-1}},"$db":"admin"},"planSummary":"EOF","keysExamined":0,"docsExamined":0,"cursorExhausted":true,"numYields":0,"nreturned":0,"reslen":585,"locks":{"FeatureCompatibilityVersion":{"acquireCount":{"r":1}},"ReplicationStateTransition":{"acquireCount":{"w":1}},"Global":{"acquireCount":{"r":1}},"Database":{"acquireCount":{"r":1}},"Collection":{"acquireCount":{"r":2}},"Mutex":{"acquireCount":{"r":1}}},"readConcern":{"level":"majority","afterOpTime":{"ts":{"$timestamp":{"t":0,"i":0}},"t":-1},"provenance":"clientSupplied"},"protocol":"op_msg","durationMillis":173}}
{"t":{"$date":"2024-03-28T17:48:30.791+09:00"},"s":"I",  "c":"NETWORK",  "id":22943,   "ctx":"listener","msg":"Connection accepted","attr":{"remote":"192.168.1.141:52208","connectionId":8,"connectionCount":7}}
{"t":{"$date":"2024-03-28T17:48:30.791+09:00"},"s":"I",  "c":"COMMAND",  "id":51803,   "ctx":"conn5","msg":"Slow query","attr":{"type":"command","ns":"config.version","command":{"find":"version","readConcern":{"level":"majority","afterOpTime":{"ts":{"$timestamp":{"t":0,"i":0}},"t":-1}},"maxTimeMS":30000,"$readPreference":{"mode":"nearest"},"$replData":1,"$clusterTime":{"clusterTime":{"$timestamp":{"t":0,"i":0}},"signature":{"hash":{"$binary":{"base64":"AAAAAAAAAAAAAAAAAAAAAAAAAAA=","subType":"0"}},"keyId":0}},"$configServerState":{"opTime":{"ts":{"$timestamp":{"t":0,"i":0}},"t":-1}},"$db":"config"},"planSummary":"COLLSCAN","keysExamined":0,"docsExamined":1,"cursorExhausted":true,"numYields":0,"nreturned":1,"reslen":668,"locks":{"FeatureCompatibilityVersion":{"acquireCount":{"r":1}},"ReplicationStateTransition":{"acquireCount":{"w":1}},"Global":{"acquireCount":{"r":1}},"Database":{"acquireCount":{"r":1}},"Collection":{"acquireCount":{"r":1}},"Mutex":{"acquireCount":{"r":1}}},"readConcern":{"level":"majority","afterOpTime":{"ts":{"$timestamp":{"t":0,"i":0}},"t":-1},"provenance":"clientSupplied"},"storage":{},"protocol":"op_msg","durationMillis":174}}
{"t":{"$date":"2024-03-28T17:48:30.791+09:00"},"s":"I",  "c":"STORAGE",  "id":20320,   "ctx":"monitoring-keys-for-HMAC","msg":"createCollection","attr":{"namespace":"admin.system.keys","uuidDisposition":"generated","uuid":{"uuid":{"$uuid":"b5d19c60-1fd6-49b8-a8a4-2739d711ad6b"}},"options":{}}}
{"t":{"$date":"2024-03-28T17:48:30.791+09:00"},"s":"I",  "c":"COMMAND",  "id":51803,   "ctx":"conn7","msg":"Slow query","attr":{"type":"command","ns":"config.shards","command":{"find":"shards","readConcern":{"level":"majority","afterOpTime":{"ts":{"$timestamp":{"t":0,"i":0}},"t":-1}},"maxTimeMS":30000,"$readPreference":{"mode":"nearest"},"$replData":1,"$clusterTime":{"clusterTime":{"$timestamp":{"t":0,"i":0}},"signature":{"hash":{"$binary":{"base64":"AAAAAAAAAAAAAAAAAAAAAAAAAAA=","subType":"0"}},"keyId":0}},"$configServerState":{"opTime":{"ts":{"$timestamp":{"t":0,"i":0}},"t":-1}},"$db":"config"},"planSummary":"COLLSCAN","keysExamined":0,"docsExamined":0,"cursorExhausted":true,"numYields":0,"nreturned":0,"reslen":581,"locks":{"FeatureCompatibilityVersion":{"acquireCount":{"r":1}},"ReplicationStateTransition":{"acquireCount":{"w":1}},"Global":{"acquireCount":{"r":1}},"Database":{"acquireCount":{"r":1}},"Collection":{"acquireCount":{"r":1}},"Mutex":{"acquireCount":{"r":1}}},"readConcern":{"level":"majority","afterOpTime":{"ts":{"$timestamp":{"t":0,"i":0}},"t":-1},"provenance":"clientSupplied"},"storage":{},"protocol":"op_msg","durationMillis":173}}
{"t":{"$date":"2024-03-28T17:48:30.791+09:00"},"s":"I",  "c":"NETWORK",  "id":51800,   "ctx":"conn8","msg":"client metadata","attr":{"remote":"192.168.1.141:52208","client":"conn8","doc":{"driver":{"name":"NetworkInterfaceTL","version":"4.4.29"},"os":{"type":"Linux","name":"Ubuntu","architecture":"x86_64","version":"22.04"}}}}
{"t":{"$date":"2024-03-28T17:48:30.791+09:00"},"s":"I",  "c":"SHARDING", "id":21857,   "ctx":"Balancer","msg":"CSRS balancer thread is recovering"}
{"t":{"$date":"2024-03-28T17:48:30.791+09:00"},"s":"I",  "c":"SHARDING", "id":21858,   "ctx":"Balancer","msg":"CSRS balancer thread is recovered"}
{"t":{"$date":"2024-03-28T17:48:30.794+09:00"},"s":"I",  "c":"STORAGE",  "id":22430,   "ctx":"WTCheckpointThread","msg":"WiredTiger message","attr":{"message":"[1711615710:794661][5991:0x74322fd04640], WT_SESSION.checkpoint: [WT_VERB_CHECKPOINT_PROGRESS] saving checkpoint snapshot min: 197, snapshot max: 197 snapshot count: 0, oldest timestamp: (1711615705, 25) , meta checkpoint timestamp: (1711615710, 25) base write gen: 1"}}
{"t":{"$date":"2024-03-28T17:48:30.813+09:00"},"s":"I",  "c":"INDEX",    "id":20345,   "ctx":"monitoring-keys-for-HMAC","msg":"Index build: done building","attr":{"buildUUID":null,"namespace":"admin.system.keys","index":"_id_","commitTimestamp":{"$timestamp":{"t":1711615710,"i":26}}}}
{"t":{"$date":"2024-03-28T17:48:32.798+09:00"},"s":"I",  "c":"SHARDING", "id":20997,   "ctx":"conn6","msg":"Refreshed RWC defaults","attr":{"newDefaults":{}}}
{"t":{"$date":"2024-03-28T17:48:32.800+09:00"},"s":"I",  "c":"SHARDING", "id":20997,   "ctx":"conn6","msg":"Refreshed RWC defaults","attr":{"newDefaults":{}}}
{"t":{"$date":"2024-03-28T17:48:32.845+09:00"},"s":"I",  "c":"STORAGE",  "id":20320,   "ctx":"conn6","msg":"createCollection","attr":{"namespace":"config.mongos","uuidDisposition":"generated","uuid":{"uuid":{"$uuid":"6b28136f-58db-4309-a49b-1c0b240eb978"}},"options":{}}}
{"t":{"$date":"2024-03-28T17:48:32.871+09:00"},"s":"I",  "c":"INDEX",    "id":20345,   "ctx":"conn6","msg":"Index build: done building","attr":{"buildUUID":null,"namespace":"config.mongos","index":"_id_","commitTimestamp":{"$timestamp":{"t":1711615712,"i":2}}}}
{"t":{"$date":"2024-03-28T17:48:32.879+09:00"},"s":"I",  "c":"SHARDING", "id":20997,   "ctx":"conn6","msg":"Refreshed RWC defaults","attr":{"newDefaults":{}}}
{"t":{"$date":"2024-03-28T17:48:40.009+09:00"},"s":"I",  "c":"NETWORK",  "id":4603701, "ctx":"conn6","msg":"Starting Replica Set Monitor","attr":{"protocol":"streamable","uri":"ShardReplSet/192.168.1.147:27021"}}
{"t":{"$date":"2024-03-28T17:48:40.009+09:00"},"s":"I",  "c":"-",        "id":4333223, "ctx":"conn6","msg":"RSM now monitoring replica set","attr":{"replicaSet":"ShardReplSet","nReplicaSetMembers":1}}
{"t":{"$date":"2024-03-28T17:48:40.009+09:00"},"s":"I",  "c":"-",        "id":4333226, "ctx":"conn6","msg":"RSM host was added to the topology","attr":{"replicaSet":"ShardReplSet","host":"192.168.1.147:27021"}}
{"t":{"$date":"2024-03-28T17:48:40.010+09:00"},"s":"I",  "c":"-",        "id":4333218, "ctx":"conn6","msg":"Rescheduling the next replica set monitoring request","attr":{"replicaSet":"ShardReplSet","host":"192.168.1.147:27021","delayMillis":0}}
{"t":{"$date":"2024-03-28T17:48:40.010+09:00"},"s":"I",  "c":"CONNPOOL", "id":22576,   "ctx":"ReplicaSetMonitor-TaskExecutor","msg":"Connecting","attr":{"hostAndPort":"192.168.1.147:27021"}}
{"t":{"$date":"2024-03-28T17:48:40.021+09:00"},"s":"I",  "c":"NETWORK",  "id":23729,   "ctx":"ReplicaSetMonitor-TaskExecutor","msg":"ServerPingMonitor is now monitoring host","attr":{"host":"192.168.1.147:27021","replicaSet":"ShardReplSet"}}
{"t":{"$date":"2024-03-28T17:48:40.021+09:00"},"s":"I",  "c":"NETWORK",  "id":4333213, "ctx":"ReplicaSetMonitor-TaskExecutor","msg":"RSM Topology Change","attr":{"replicaSet":"ShardReplSet","newTopologyDescription":"{ id: \"4063cfa8-d7be-4863-84b4-8efc550b0d51\", topologyType: \"ReplicaSetNoPrimary\", servers: { shard:27021: { address: \"shard:27021\", type: \"Unknown\", minWireVersion: 0, maxWireVersion: 0, lastUpdateTime: new Date(-9223372036854775808), hosts: {}, arbiters: {}, passives: {} } }, logicalSessionTimeoutMinutes: 30, setName: \"ShardReplSet\", compatible: true, maxElectionIdSetVersion: { electionId: ObjectId('7fffffff0000000000000001'), setVersion: 2 } }","previousTopologyDescription":"{ id: \"004695aa-13c2-41b6-940c-bf4fb56b3437\", topologyType: \"ReplicaSetNoPrimary\", servers: { 192.168.1.147:27021: { address: \"192.168.1.147:27021\", type: \"Unknown\", minWireVersion: 0, maxWireVersion: 0, lastUpdateTime: new Date(-9223372036854775808), hosts: {}, arbiters: {}, passives: {} } }, setName: \"ShardReplSet\", compatible: true }"}}
{"t":{"$date":"2024-03-28T17:48:40.021+09:00"},"s":"I",  "c":"NETWORK",  "id":462899,  "ctx":"ReplicaSetMonitor-TaskExecutor","msg":"ServerPingMonitor for host was removed from being monitored","attr":{"host":"192.168.1.147:27021","replicaSet":"ShardReplSet"}}
{"t":{"$date":"2024-03-28T17:48:40.021+09:00"},"s":"I",  "c":"-",        "id":4333225, "ctx":"ReplicaSetMonitor-TaskExecutor","msg":"RSM host was removed from the topology","attr":{"replicaSet":"ShardReplSet","host":"192.168.1.147:27021"}}
{"t":{"$date":"2024-03-28T17:48:40.021+09:00"},"s":"I",  "c":"-",        "id":4333226, "ctx":"ReplicaSetMonitor-TaskExecutor","msg":"RSM host was added to the topology","attr":{"replicaSet":"ShardReplSet","host":"shard:27021"}}
{"t":{"$date":"2024-03-28T17:48:40.021+09:00"},"s":"I",  "c":"-",        "id":4333218, "ctx":"ReplicaSetMonitor-TaskExecutor","msg":"Rescheduling the next replica set monitoring request","attr":{"replicaSet":"ShardReplSet","host":"shard:27021","delayMillis":0}}
{"t":{"$date":"2024-03-28T17:48:40.021+09:00"},"s":"I",  "c":"NETWORK",  "id":7926101, "ctx":"ReplicaSetMonitor-TaskExecutor","msg":"ServerPingMonitor stopping pings to host because request was cancelled","attr":{"host":"192.168.1.147:27021","status":{"code":90,"codeName":"CallbackCanceled","errmsg":"Callback canceled"}}}
{"t":{"$date":"2024-03-28T17:48:40.021+09:00"},"s":"I",  "c":"-",        "id":4333219, "ctx":"ReplicaSetMonitor-TaskExecutor","msg":"RSM not processing response","attr":{"error":{"code":90,"codeName":"CallbackCanceled","errmsg":"Command canceled; original request was: RemoteCommand 1 -- target:[192.168.1.147:27021] db:admin expDate:2024-03-28T17:48:50.010+09:00 cmd:{ isMaster: 1, internalClient: { minWireVersion: 9, maxWireVersion: 9 } }"},"replicaSet":"ShardReplSet"}}
{"t":{"$date":"2024-03-28T17:48:40.021+09:00"},"s":"I",  "c":"CONNPOOL", "id":22576,   "ctx":"ReplicaSetMonitor-TaskExecutor","msg":"Connecting","attr":{"hostAndPort":"shard:27021"}}
{"t":{"$date":"2024-03-28T17:48:40.023+09:00"},"s":"I",  "c":"NETWORK",  "id":5940901, "ctx":"ReplicaSetMonitor-TaskExecutor","msg":"Stale primary detected, marking its state as unknown","attr":{"primary":"shard:27021","incomingElectionIdSetVersion":{"electionId":{"$oid":"7fffffff0000000000000001"},"setVersion":1},"currentMaxElectionIdSetVersion":{"electionId":{"$oid":"7fffffff0000000000000001"},"setVersion":2}}}
{"t":{"$date":"2024-03-28T17:48:40.023+09:00"},"s":"I",  "c":"NETWORK",  "id":23729,   "ctx":"ReplicaSetMonitor-TaskExecutor","msg":"ServerPingMonitor is now monitoring host","attr":{"host":"shard:27021","replicaSet":"ShardReplSet"}}
{"t":{"$date":"2024-03-28T17:48:40.023+09:00"},"s":"I",  "c":"NETWORK",  "id":5940901, "ctx":"ReplicaSetMonitor-TaskExecutor","msg":"Stale primary detected, marking its state as unknown","attr":{"primary":"shard:27021","incomingElectionIdSetVersion":{"electionId":{"$oid":"7fffffff0000000000000001"},"setVersion":1},"currentMaxElectionIdSetVersion":{"electionId":{"$oid":"7fffffff0000000000000001"},"setVersion":2}}}
{"t":{"$date":"2024-03-28T17:48:40.024+09:00"},"s":"I",  "c":"NETWORK",  "id":5940901, "ctx":"ReplicaSetMonitor-TaskExecutor","msg":"Stale primary detected, marking its state as unknown","attr":{"primary":"shard:27021","incomingElectionIdSetVersion":{"electionId":{"$oid":"7fffffff0000000000000001"},"setVersion":1},"currentMaxElectionIdSetVersion":{"electionId":{"$oid":"7fffffff0000000000000001"},"setVersion":2}}}
{"t":{"$date":"2024-03-28T17:48:42.932+09:00"},"s":"I",  "c":"SHARDING", "id":20997,   "ctx":"conn8","msg":"Refreshed RWC defaults","attr":{"newDefaults":{}}}
{"t":{"$date":"2024-03-28T17:48:50.035+09:00"},"s":"I",  "c":"NETWORK",  "id":5940901, "ctx":"ReplicaSetMonitor-TaskExecutor","msg":"Stale primary detected, marking its state as unknown","attr":{"primary":"shard:27021","incomingElectionIdSetVersion":{"electionId":{"$oid":"7fffffff0000000000000001"},"setVersion":1},"currentMaxElectionIdSetVersion":{"electionId":{"$oid":"7fffffff0000000000000001"},"setVersion":2}}}
{"t":{"$date":"2024-03-28T17:48:53.015+09:00"},"s":"I",  "c":"SHARDING", "id":20997,   "ctx":"conn8","msg":"Refreshed RWC defaults","attr":{"newDefaults":{}}}
{"t":{"$date":"2024-03-28T17:48:57.680+09:00"},"s":"W",  "c":"SHARDING", "id":22668,   "ctx":"replSetDistLockPinger","msg":"Pinging failed for distributed lock pinger","attr":{"error":{"code":129,"codeName":"LockStateChangeFailed","errmsg":"findAndModify query predicate didn't match any lock document"}}}
{"t":{"$date":"2024-03-28T17:49:00.010+09:00"},"s":"I",  "c":"NETWORK",  "id":4333208, "ctx":"ReplicaSetMonitor-TaskExecutor","msg":"RSM host selection timeout","attr":{"replicaSet":"ShardReplSet","error":"FailedToSatisfyReadPreference: Could not find host matching read preference { mode: \"primary\" } for set ShardReplSet"}}
{"t":{"$date":"2024-03-28T17:49:00.010+09:00"},"s":"I",  "c":"NETWORK",  "id":4333209, "ctx":"conn6","msg":"Closing Replica Set Monitor","attr":{"replicaSet":"ShardReplSet"}}
{"t":{"$date":"2024-03-28T17:49:00.010+09:00"},"s":"I",  "c":"NETWORK",  "id":4333210, "ctx":"conn6","msg":"Done closing Replica Set Monitor","attr":{"replicaSet":"ShardReplSet"}}
{"t":{"$date":"2024-03-28T17:49:00.010+09:00"},"s":"I",  "c":"NETWORK",  "id":20187,   "ctx":"conn6","msg":"Removed ReplicaSetMonitor for replica set","attr":{"replicaSet":"ShardReplSet"}}
{"t":{"$date":"2024-03-28T17:49:00.010+09:00"},"s":"I",  "c":"NETWORK",  "id":7926101, "ctx":"ReplicaSetMonitor-TaskExecutor","msg":"ServerPingMonitor stopping pings to host because request was cancelled","attr":{"host":"shard:27021","status":{"code":90,"codeName":"CallbackCanceled","errmsg":"Callback canceled"}}}
{"t":{"$date":"2024-03-28T17:49:00.010+09:00"},"s":"I",  "c":"SHARDING", "id":21920,   "ctx":"conn6","msg":"addShard request failed","attr":{"request":"AddShardRequest shard: ShardReplSet/192.168.1.147:27021","error":{"code":133,"codeName":"FailedToSatisfyReadPreference","errmsg":"Could not find host matching read preference { mode: \"primary\" } for set ShardReplSet"}}}
{"t":{"$date":"2024-03-28T17:49:00.010+09:00"},"s":"I",  "c":"CONNPOOL", "id":22566,   "ctx":"ReplicaSetMonitor-TaskExecutor","msg":"Ending connection due to bad connection status","attr":{"hostAndPort":"shard:27021","error":"CallbackCanceled: Callback was canceled","numOpenConns":1}}
{"t":{"$date":"2024-03-28T17:49:00.010+09:00"},"s":"I",  "c":"COMMAND",  "id":51803,   "ctx":"conn6","msg":"Slow query","attr":{"type":"command","ns":"admin.$cmd","appName":"MongoDB Shell","command":{"_configsvrAddShard":"ShardReplSet/192.168.1.147:27021","writeConcern":{"w":"majority","wtimeout":60000},"lsid":{"id":{"$uuid":"7076cfaa-97cc-40e4-b8a3-685b98a0d250"},"uid":{"$binary":{"base64":"47DEQpj8HBSa+/TImW+5JCeuQeRkm5NMpJWZG3hSuFU=","subType":"0"}}},"$replData":1,"$clusterTime":{"clusterTime":{"$timestamp":{"t":1711615712,"i":3}},"signature":{"hash":{"$binary":{"base64":"SyBDScJUaeNGP/nGz0llXjDi2vA=","subType":"0"}},"keyId":7351333497769820184}},"$client":{"application":{"name":"MongoDB Shell"},"driver":{"name":"MongoDB Internal Client","version":"4.4.29"},"os":{"type":"Linux","name":"Ubuntu","architecture":"x86_64","version":"22.04"},"mongos":{"host":"shard:27017","client":"192.168.1.141:45712","version":"4.4.29"}},"$configServerState":{"opTime":{"ts":{"$timestamp":{"t":1711615712,"i":3}},"t":1}},"$db":"admin"},"numYields":0,"ok":0,"errMsg":"Could not find host matching read preference { mode: \"primary\" } for set ShardReplSet","errName":"FailedToSatisfyReadPreference","errCode":133,"reslen":689,"locks":{"FeatureCompatibilityVersion":{"acquireCount":{"r":1}},"ReplicationStateTransition":{"acquireCount":{"w":1}},"Global":{"acquireCount":{"r":1}},"Database":{"acquireCount":{"r":1}},"Collection":{"acquireCount":{"r":1}},"Mutex":{"acquireCount":{"r":1,"W":1}}},"writeConcern":{"w":"majority","wtimeout":60000,"provenance":"clientSupplied"},"storage":{},"protocol":"op_msg","durationMillis":20001}}
{"t":{"$date":"2024-03-28T17:49:00.016+09:00"},"s":"I",  "c":"NETWORK",  "id":4603701, "ctx":"conn6","msg":"Starting Replica Set Monitor","attr":{"protocol":"streamable","uri":"ShardReplSet/192.168.1.147:27022"}}
{"t":{"$date":"2024-03-28T17:49:00.016+09:00"},"s":"I",  "c":"-",        "id":4333223, "ctx":"conn6","msg":"RSM now monitoring replica set","attr":{"replicaSet":"ShardReplSet","nReplicaSetMembers":1}}
{"t":{"$date":"2024-03-28T17:49:00.016+09:00"},"s":"I",  "c":"-",        "id":4333226, "ctx":"conn6","msg":"RSM host was added to the topology","attr":{"replicaSet":"ShardReplSet","host":"192.168.1.147:27022"}}
{"t":{"$date":"2024-03-28T17:49:00.016+09:00"},"s":"I",  "c":"-",        "id":4333218, "ctx":"conn6","msg":"Rescheduling the next replica set monitoring request","attr":{"replicaSet":"ShardReplSet","host":"192.168.1.147:27022","delayMillis":0}}
{"t":{"$date":"2024-03-28T17:49:00.016+09:00"},"s":"I",  "c":"CONNPOOL", "id":22576,   "ctx":"ReplicaSetMonitor-TaskExecutor","msg":"Connecting","attr":{"hostAndPort":"192.168.1.147:27022"}}
{"t":{"$date":"2024-03-28T17:49:00.027+09:00"},"s":"I",  "c":"NETWORK",  "id":23729,   "ctx":"ReplicaSetMonitor-TaskExecutor","msg":"ServerPingMonitor is now monitoring host","attr":{"host":"192.168.1.147:27022","replicaSet":"ShardReplSet"}}
{"t":{"$date":"2024-03-28T17:49:00.027+09:00"},"s":"I",  "c":"NETWORK",  "id":4333213, "ctx":"ReplicaSetMonitor-TaskExecutor","msg":"RSM Topology Change","attr":{"replicaSet":"ShardReplSet","newTopologyDescription":"{ id: \"934399d9-c9a1-4f13-940a-99b40b5b59be\", topologyType: \"ReplicaSetNoPrimary\", servers: { shard:27022: { address: \"shard:27022\", type: \"Unknown\", minWireVersion: 0, maxWireVersion: 0, lastUpdateTime: new Date(-9223372036854775808), hosts: {}, arbiters: {}, passives: {} } }, logicalSessionTimeoutMinutes: 30, setName: \"ShardReplSet\", compatible: true, maxElectionIdSetVersion: { electionId: ObjectId('7fffffff0000000000000001'), setVersion: 1 } }","previousTopologyDescription":"{ id: \"31ac0caf-6317-48c0-bb59-a1c0a16e68ae\", topologyType: \"ReplicaSetNoPrimary\", servers: { 192.168.1.147:27022: { address: \"192.168.1.147:27022\", type: \"Unknown\", minWireVersion: 0, maxWireVersion: 0, lastUpdateTime: new Date(-9223372036854775808), hosts: {}, arbiters: {}, passives: {} } }, setName: \"ShardReplSet\", compatible: true }"}}
{"t":{"$date":"2024-03-28T17:49:00.027+09:00"},"s":"I",  "c":"NETWORK",  "id":462899,  "ctx":"ReplicaSetMonitor-TaskExecutor","msg":"ServerPingMonitor for host was removed from being monitored","attr":{"host":"192.168.1.147:27022","replicaSet":"ShardReplSet"}}
{"t":{"$date":"2024-03-28T17:49:00.027+09:00"},"s":"I",  "c":"-",        "id":4333225, "ctx":"ReplicaSetMonitor-TaskExecutor","msg":"RSM host was removed from the topology","attr":{"replicaSet":"ShardReplSet","host":"192.168.1.147:27022"}}
{"t":{"$date":"2024-03-28T17:49:00.027+09:00"},"s":"I",  "c":"-",        "id":4333226, "ctx":"ReplicaSetMonitor-TaskExecutor","msg":"RSM host was added to the topology","attr":{"replicaSet":"ShardReplSet","host":"shard:27022"}}
{"t":{"$date":"2024-03-28T17:49:00.027+09:00"},"s":"I",  "c":"-",        "id":4333218, "ctx":"ReplicaSetMonitor-TaskExecutor","msg":"Rescheduling the next replica set monitoring request","attr":{"replicaSet":"ShardReplSet","host":"shard:27022","delayMillis":0}}
{"t":{"$date":"2024-03-28T17:49:00.027+09:00"},"s":"I",  "c":"NETWORK",  "id":7926101, "ctx":"ReplicaSetMonitor-TaskExecutor","msg":"ServerPingMonitor stopping pings to host because request was cancelled","attr":{"host":"192.168.1.147:27022","status":{"code":90,"codeName":"CallbackCanceled","errmsg":"Callback canceled"}}}
{"t":{"$date":"2024-03-28T17:49:00.027+09:00"},"s":"I",  "c":"-",        "id":4333219, "ctx":"ReplicaSetMonitor-TaskExecutor","msg":"RSM not processing response","attr":{"error":{"code":90,"codeName":"CallbackCanceled","errmsg":"Command canceled; original request was: RemoteCommand 7 -- target:[192.168.1.147:27022] db:admin expDate:2024-03-28T17:49:10.016+09:00 cmd:{ isMaster: 1, internalClient: { minWireVersion: 9, maxWireVersion: 9 } }"},"replicaSet":"ShardReplSet"}}
{"t":{"$date":"2024-03-28T17:49:00.027+09:00"},"s":"I",  "c":"CONNPOOL", "id":22576,   "ctx":"ReplicaSetMonitor-TaskExecutor","msg":"Connecting","attr":{"hostAndPort":"shard:27022"}}
{"t":{"$date":"2024-03-28T17:49:00.029+09:00"},"s":"I",  "c":"NETWORK",  "id":23729,   "ctx":"ReplicaSetMonitor-TaskExecutor","msg":"ServerPingMonitor is now monitoring host","attr":{"host":"shard:27022","replicaSet":"ShardReplSet"}}
{"t":{"$date":"2024-03-28T17:49:00.029+09:00"},"s":"I",  "c":"NETWORK",  "id":4333213, "ctx":"ReplicaSetMonitor-TaskExecutor","msg":"RSM Topology Change","attr":{"replicaSet":"ShardReplSet","newTopologyDescription":"{ id: \"df37d5c2-971c-4d93-9e06-7fbabada7d5a\", topologyType: \"ReplicaSetWithPrimary\", servers: { shard:27022: { address: \"shard:27022\", topologyVersion: { processId: ObjectId('66052ee38570c78dee9d82d8'), counter: 6 }, roundTripTime: 514, lastWriteDate: new Date(1711615737000), opTime: { ts: Timestamp(1711615737, 1), t: 1 }, type: \"RSPrimary\", minWireVersion: 8, maxWireVersion: 9, me: \"shard:27022\", setName: \"ShardReplSet\", setVersion: 1, electionId: ObjectId('7fffffff0000000000000001'), primary: \"shard:27022\", lastUpdateTime: new Date(1711615740029), logicalSessionTimeoutMinutes: 30, hosts: { 0: \"shard:27022\" }, arbiters: {}, passives: {} } }, logicalSessionTimeoutMinutes: 30, setName: \"ShardReplSet\", compatible: true, maxElectionIdSetVersion: { electionId: ObjectId('7fffffff0000000000000001'), setVersion: 1 } }","previousTopologyDescription":"{ id: \"934399d9-c9a1-4f13-940a-99b40b5b59be\", topologyType: \"ReplicaSetNoPrimary\", servers: { shard:27022: { address: \"shard:27022\", type: \"Unknown\", minWireVersion: 0, maxWireVersion: 0, lastUpdateTime: new Date(-9223372036854775808), hosts: {}, arbiters: {}, passives: {} } }, logicalSessionTimeoutMinutes: 30, setName: \"ShardReplSet\", compatible: true, maxElectionIdSetVersion: { electionId: ObjectId('7fffffff0000000000000001'), setVersion: 1 } }"}}
{"t":{"$date":"2024-03-28T17:49:00.032+09:00"},"s":"I",  "c":"NETWORK",  "id":4333209, "ctx":"conn6","msg":"Closing Replica Set Monitor","attr":{"replicaSet":"ShardReplSet"}}
{"t":{"$date":"2024-03-28T17:49:00.032+09:00"},"s":"I",  "c":"NETWORK",  "id":4333210, "ctx":"conn6","msg":"Done closing Replica Set Monitor","attr":{"replicaSet":"ShardReplSet"}}
{"t":{"$date":"2024-03-28T17:49:00.032+09:00"},"s":"I",  "c":"NETWORK",  "id":20187,   "ctx":"conn6","msg":"Removed ReplicaSetMonitor for replica set","attr":{"replicaSet":"ShardReplSet"}}
{"t":{"$date":"2024-03-28T17:49:00.032+09:00"},"s":"I",  "c":"SHARDING", "id":21920,   "ctx":"conn6","msg":"addShard request failed","attr":{"request":"AddShardRequest shard: ShardReplSet/192.168.1.147:27022","error":{"code":96,"codeName":"OperationFailed","errmsg":"in seed list ShardReplSet/192.168.1.147:27022, host 192.168.1.147:27022 does not belong to replica set ShardReplSet; found { topologyVersion: { processId: ObjectId('66052ee38570c78dee9d82d8'), counter: 6 }, hosts: [ \"shard:27022\" ], setName: \"ShardReplSet\", setVersion: 1, ismaster: true, secondary: false, primary: \"shard:27022\", me: \"shard:27022\", electionId: ObjectId('7fffffff0000000000000001'), lastWrite: { opTime: { ts: Timestamp(1711615737, 1), t: 1 }, lastWriteDate: new Date(1711615737000), majorityOpTime: { ts: Timestamp(1711615737, 1), t: 1 }, majorityWriteDate: new Date(1711615737000) }, maxBsonObjectSize: 16777216, maxMessageSizeBytes: 48000000, maxWriteBatchSize: 100000, localTime: new Date(1711615740031), logicalSessionTimeoutMinutes: 30, connectionId: 4, minWireVersion: 0, maxWireVersion: 9, readOnly: false, compression: [ \"snappy\", \"zstd\", \"zlib\" ], ok: 1.0, $clusterTime: { clusterTime: Timestamp(1711615737, 1), signature: { hash: BinData(0, 0000000000000000000000000000000000000000), keyId: 0 } }, operationTime: Timestamp(1711615737, 1) }"}}}
{"t":{"$date":"2024-03-28T17:49:00.032+09:00"},"s":"I",  "c":"NETWORK",  "id":7926101, "ctx":"ReplicaSetMonitor-TaskExecutor","msg":"ServerPingMonitor stopping pings to host because request was cancelled","attr":{"host":"shard:27022","status":{"code":90,"codeName":"CallbackCanceled","errmsg":"Callback canceled"}}}
{"t":{"$date":"2024-03-28T17:49:00.032+09:00"},"s":"I",  "c":"CONNPOOL", "id":22566,   "ctx":"ReplicaSetMonitor-TaskExecutor","msg":"Ending connection due to bad connection status","attr":{"hostAndPort":"shard:27022","error":"CallbackCanceled: Callback was canceled","numOpenConns":1}}
{"t":{"$date":"2024-03-28T17:49:03.071+09:00"},"s":"I",  "c":"SHARDING", "id":20997,   "ctx":"conn6","msg":"Refreshed RWC defaults","attr":{"newDefaults":{}}}

{"t":{"$date":"2024-03-28T17:49:14.597+09:00"},"s":"I",  "c":"CONTROL",  "id":20698,   "ctx":"main","msg":"***** SERVER RESTARTED *****"}
{"t":{"$date":"2024-03-28T17:49:14.598+09:00"},"s":"I",  "c":"CONTROL",  "id":23285,   "ctx":"main","msg":"Automatically disabling TLS 1.0, to force-enable TLS 1.0 specify --sslDisabledProtocols 'none'"}
{"t":{"$date":"2024-03-28T17:49:14.607+09:00"},"s":"I",  "c":"NETWORK",  "id":4648601, "ctx":"main","msg":"Implicit TCP FastOpen unavailable. If TCP FastOpen is required, set tcpFastOpenServer, tcpFastOpenClient, and tcpFastOpenQueueSize."}
{"t":{"$date":"2024-03-28T17:49:14.608+09:00"},"s":"I",  "c":"STORAGE",  "id":4615611, "ctx":"initandlisten","msg":"MongoDB starting","attr":{"pid":6272,"port":27019,"dbPath":"/shard/data/configdb","architecture":"64-bit","host":"shard"}}
{"t":{"$date":"2024-03-28T17:49:14.608+09:00"},"s":"I",  "c":"CONTROL",  "id":23403,   "ctx":"initandlisten","msg":"Build Info","attr":{"buildInfo":{"version":"4.4.29","gitVersion":"f4dda329a99811c707eb06d05ad023599f9be263","openSSLVersion":"OpenSSL 1.1.1f  31 Mar 2020","modules":[],"allocator":"tcmalloc","environment":{"distmod":"ubuntu2004","distarch":"x86_64","target_arch":"x86_64"}}}}
{"t":{"$date":"2024-03-28T17:49:14.608+09:00"},"s":"I",  "c":"CONTROL",  "id":51765,   "ctx":"initandlisten","msg":"Operating System","attr":{"os":{"name":"Ubuntu","version":"22.04"}}}
{"t":{"$date":"2024-03-28T17:49:14.608+09:00"},"s":"I",  "c":"CONTROL",  "id":21951,   "ctx":"initandlisten","msg":"Options set by command line","attr":{"options":{"config":"/shard/mongoConfig.conf","net":{"bindIp":"0.0.0.0","port":27019},"processManagement":{"timeZoneInfo":"/usr/share/zoneinfo"},"replication":{"replSetName":"ConfigReplSet"},"sharding":{"clusterRole":"configsvr"},"storage":{"dbPath":"/shard/data/configdb","journal":{"enabled":true}},"systemLog":{"destination":"file","logAppend":true,"path":"/shard/data/logs/configsvr.log"}}}}
{"t":{"$date":"2024-03-28T17:49:14.609+09:00"},"s":"W",  "c":"STORAGE",  "id":22271,   "ctx":"initandlisten","msg":"Detected unclean shutdown - Lock file is not empty","attr":{"lockFile":"/shard/data/configdb/mongod.lock"}}
{"t":{"$date":"2024-03-28T17:49:14.609+09:00"},"s":"I",  "c":"STORAGE",  "id":22270,   "ctx":"initandlisten","msg":"Storage engine to use detected by data files","attr":{"dbpath":"/shard/data/configdb","storageEngine":"wiredTiger"}}
{"t":{"$date":"2024-03-28T17:49:14.609+09:00"},"s":"W",  "c":"STORAGE",  "id":22302,   "ctx":"initandlisten","msg":"Recovering data from the last clean checkpoint."}
{"t":{"$date":"2024-03-28T17:49:14.609+09:00"},"s":"I",  "c":"STORAGE",  "id":22297,   "ctx":"initandlisten","msg":"Using the XFS filesystem is strongly recommended with the WiredTiger storage engine. See http://dochub.mongodb.org/core/prodnotes-filesystem","tags":["startupWarnings"]}
{"t":{"$date":"2024-03-28T17:49:14.609+09:00"},"s":"I",  "c":"STORAGE",  "id":22315,   "ctx":"initandlisten","msg":"Opening WiredTiger","attr":{"config":"create,cache_size=3454M,session_max=33000,eviction=(threads_min=4,threads_max=4),config_base=false,statistics=(fast),log=(enabled=true,archive=true,path=journal,compressor=snappy),file_manager=(close_idle_time=100000,close_scan_interval=10,close_handle_minimum=250),statistics_log=(wait=0),verbose=[recovery_progress,checkpoint_progress,compact_progress],"}}
{"t":{"$date":"2024-03-28T17:49:14.795+09:00"},"s":"I",  "c":"STORAGE",  "id":22430,   "ctx":"initandlisten","msg":"WiredTiger message","attr":{"message":"[1711615754:795905][6272:0x777a72ebccc0], txn-recover: [WT_VERB_RECOVERY_PROGRESS] Recovering log 1 through 2"}}
{"t":{"$date":"2024-03-28T17:49:14.849+09:00"},"s":"I",  "c":"STORAGE",  "id":22430,   "ctx":"initandlisten","msg":"WiredTiger message","attr":{"message":"[1711615754:849798][6272:0x777a72ebccc0], txn-recover: [WT_VERB_RECOVERY_PROGRESS] Recovering log 2 through 2"}}
{"t":{"$date":"2024-03-28T17:49:14.902+09:00"},"s":"I",  "c":"STORAGE",  "id":22430,   "ctx":"initandlisten","msg":"WiredTiger message","attr":{"message":"[1711615754:902345][6272:0x777a72ebccc0], txn-recover: [WT_VERB_RECOVERY | WT_VERB_RECOVERY_PROGRESS] Main recovery loop: starting at 1/106240 to 2/256"}}
{"t":{"$date":"2024-03-28T17:49:14.903+09:00"},"s":"I",  "c":"STORAGE",  "id":22430,   "ctx":"initandlisten","msg":"WiredTiger message","attr":{"message":"[1711615754:903049][6272:0x777a72ebccc0], txn-recover: [WT_VERB_RECOVERY_PROGRESS] Recovering log 1 through 2"}}
{"t":{"$date":"2024-03-28T17:49:14.937+09:00"},"s":"I",  "c":"STORAGE",  "id":22430,   "ctx":"initandlisten","msg":"WiredTiger message","attr":{"message":"[1711615754:937300][6272:0x777a72ebccc0], file:collection-2-3463160211491027172.wt, txn-recover: [WT_VERB_RECOVERY_PROGRESS] Recovering log 2 through 2"}}
{"t":{"$date":"2024-03-28T17:49:14.958+09:00"},"s":"I",  "c":"STORAGE",  "id":22430,   "ctx":"initandlisten","msg":"WiredTiger message","attr":{"message":"[1711615754:958534][6272:0x777a72ebccc0], file:collection-2-3463160211491027172.wt, txn-recover: [WT_VERB_RECOVERY | WT_VERB_RECOVERY_PROGRESS] Set global recovery timestamp: (1711615710, 25)"}}
{"t":{"$date":"2024-03-28T17:49:14.958+09:00"},"s":"I",  "c":"STORAGE",  "id":22430,   "ctx":"initandlisten","msg":"WiredTiger message","attr":{"message":"[1711615754:958615][6272:0x777a72ebccc0], file:collection-2-3463160211491027172.wt, txn-recover: [WT_VERB_RECOVERY | WT_VERB_RECOVERY_PROGRESS] Set global oldest timestamp: (1711615705, 25)"}}
{"t":{"$date":"2024-03-28T17:49:14.963+09:00"},"s":"I",  "c":"STORAGE",  "id":22430,   "ctx":"initandlisten","msg":"WiredTiger message","attr":{"message":"[1711615754:963527][6272:0x777a72ebccc0], WT_SESSION.checkpoint: [WT_VERB_CHECKPOINT_PROGRESS] saving checkpoint snapshot min: 137, snapshot max: 137 snapshot count: 0, oldest timestamp: (1711615705, 25) , meta checkpoint timestamp: (1711615710, 25) base write gen: 13"}}
{"t":{"$date":"2024-03-28T17:49:14.982+09:00"},"s":"I",  "c":"STORAGE",  "id":4795906, "ctx":"initandlisten","msg":"WiredTiger opened","attr":{"durationMillis":373}}
{"t":{"$date":"2024-03-28T17:49:14.983+09:00"},"s":"I",  "c":"RECOVERY", "id":23987,   "ctx":"initandlisten","msg":"WiredTiger recoveryTimestamp","attr":{"recoveryTimestamp":{"$timestamp":{"t":1711615710,"i":25}}}}
{"t":{"$date":"2024-03-28T17:49:14.989+09:00"},"s":"I",  "c":"STORAGE",  "id":22383,   "ctx":"initandlisten","msg":"The size storer reports that the oplog contains","attr":{"numRecords":0,"dataSize":0}}
{"t":{"$date":"2024-03-28T17:49:14.989+09:00"},"s":"I",  "c":"STORAGE",  "id":22382,   "ctx":"initandlisten","msg":"WiredTiger record store oplog processing finished","attr":{"durationMillis":0}}
{"t":{"$date":"2024-03-28T17:49:14.994+09:00"},"s":"I",  "c":"STORAGE",  "id":22262,   "ctx":"initandlisten","msg":"Timestamp monitor starting"}
{"t":{"$date":"2024-03-28T17:49:14.997+09:00"},"s":"W",  "c":"CONTROL",  "id":22120,   "ctx":"initandlisten","msg":"Access control is not enabled for the database. Read and write access to data and configuration is unrestricted","tags":["startupWarnings"]}
{"t":{"$date":"2024-03-28T17:49:14.997+09:00"},"s":"W",  "c":"CONTROL",  "id":22138,   "ctx":"initandlisten","msg":"You are running this process as the root user, which is not recommended","tags":["startupWarnings"]}
{"t":{"$date":"2024-03-28T17:49:14.997+09:00"},"s":"W",  "c":"CONTROL",  "id":22184,   "ctx":"initandlisten","msg":"Soft rlimits too low","attr":{"currentValue":1024,"recommendedMinimum":64000},"tags":["startupWarnings"]}
{"t":{"$date":"2024-03-28T17:49:14.998+09:00"},"s":"I",  "c":"STORAGE",  "id":22251,   "ctx":"initandlisten","msg":"Dropping unknown ident","attr":{"ident":"collection-48-3463160211491027172"}}
{"t":{"$date":"2024-03-28T17:49:14.999+09:00"},"s":"I",  "c":"STORAGE",  "id":22251,   "ctx":"initandlisten","msg":"Dropping unknown ident","attr":{"ident":"collection-50-3463160211491027172"}}
{"t":{"$date":"2024-03-28T17:49:15.000+09:00"},"s":"I",  "c":"STORAGE",  "id":22251,   "ctx":"initandlisten","msg":"Dropping unknown ident","attr":{"ident":"index-49-3463160211491027172"}}
{"t":{"$date":"2024-03-28T17:49:15.001+09:00"},"s":"I",  "c":"STORAGE",  "id":22251,   "ctx":"initandlisten","msg":"Dropping unknown ident","attr":{"ident":"index-51-3463160211491027172"}}
{"t":{"$date":"2024-03-28T17:49:15.012+09:00"},"s":"I",  "c":"STORAGE",  "id":20536,   "ctx":"initandlisten","msg":"Flow Control is enabled on this deployment"}
{"t":{"$date":"2024-03-28T17:49:15.013+09:00"},"s":"I",  "c":"SHARDING", "id":20997,   "ctx":"initandlisten","msg":"Refreshed RWC defaults","attr":{"newDefaults":{}}}
{"t":{"$date":"2024-03-28T17:49:15.014+09:00"},"s":"I",  "c":"FTDC",     "id":20625,   "ctx":"initandlisten","msg":"Initializing full-time diagnostic data capture","attr":{"dataDirectory":"/shard/data/configdb/diagnostic.data"}}
{"t":{"$date":"2024-03-28T17:49:15.015+09:00"},"s":"I",  "c":"SHARDING", "id":22727,   "ctx":"shard-registry-reload","msg":"Error running periodic reload of shard registry","attr":{"error":"ReadConcernMajorityNotAvailableYet: could not get updated shard list from config server :: caused by :: Read concern majority reads are currently not possible.","shardRegistryReloadIntervalSeconds":30}}
{"t":{"$date":"2024-03-28T17:49:15.015+09:00"},"s":"I",  "c":"SHARDING", "id":22649,   "ctx":"thread1","msg":"Creating distributed lock ping thread","attr":{"processId":"ConfigServer","pingIntervalMillis":30000}}
{"t":{"$date":"2024-03-28T17:49:15.016+09:00"},"s":"I",  "c":"REPL",     "id":6015317, "ctx":"initandlisten","msg":"Setting new configuration state","attr":{"newState":"ConfigStartingUp","oldState":"ConfigPreStart"}}
{"t":{"$date":"2024-03-28T17:49:15.016+09:00"},"s":"I",  "c":"REPL",     "id":4280500, "ctx":"initandlisten","msg":"Attempting to create internal replication collections"}
{"t":{"$date":"2024-03-28T17:49:15.017+09:00"},"s":"I",  "c":"REPL",     "id":4280501, "ctx":"initandlisten","msg":"Attempting to load local voted for document"}
{"t":{"$date":"2024-03-28T17:49:15.017+09:00"},"s":"I",  "c":"REPL",     "id":4280502, "ctx":"initandlisten","msg":"Searching for local Rollback ID document"}
{"t":{"$date":"2024-03-28T17:49:15.018+09:00"},"s":"I",  "c":"REPL",     "id":21529,   "ctx":"initandlisten","msg":"Initializing rollback ID","attr":{"rbid":1}}
{"t":{"$date":"2024-03-28T17:49:15.018+09:00"},"s":"I",  "c":"REPL",     "id":501401,  "ctx":"initandlisten","msg":"Incrementing the rollback ID after unclean shutdown"}
{"t":{"$date":"2024-03-28T17:49:15.021+09:00"},"s":"I",  "c":"REPL",     "id":21532,   "ctx":"initandlisten","msg":"Incremented the rollback ID","attr":{"rbid":2}}
{"t":{"$date":"2024-03-28T17:49:15.021+09:00"},"s":"I",  "c":"REPL",     "id":4280504, "ctx":"initandlisten","msg":"Cleaning up any partially applied oplog batches & reading last op from oplog"}
{"t":{"$date":"2024-03-28T17:49:15.022+09:00"},"s":"I",  "c":"REPL",     "id":21557,   "ctx":"initandlisten","msg":"Removing unapplied oplog entries after oplogTruncateAfterPoint","attr":{"oplogTruncateAfterPoint":{"":{"$timestamp":{"t":1711615747,"i":1}}}}}
{"t":{"$date":"2024-03-28T17:49:15.022+09:00"},"s":"I",  "c":"REPL",     "id":21553,   "ctx":"initandlisten","msg":"Truncating oplog from truncateAfterOplogEntryTimestamp (non-inclusive)","attr":{"truncateAfterOplogEntryTimestamp":{"$timestamp":{"t":1711615747,"i":1}},"oplogTruncateAfterPoint":{"$timestamp":{"t":1711615747,"i":1}}}}
{"t":{"$date":"2024-03-28T17:49:15.022+09:00"},"s":"I",  "c":"REPL",     "id":21554,   "ctx":"initandlisten","msg":"Replication recovery oplog truncation finished","attr":{"durationMillis":0}}
{"t":{"$date":"2024-03-28T17:49:15.023+09:00"},"s":"I",  "c":"REPL",     "id":21544,   "ctx":"initandlisten","msg":"Recovering from stable timestamp","attr":{"stableTimestamp":{"$timestamp":{"t":1711615710,"i":25}},"topOfOplog":{"ts":{"$timestamp":{"t":1711615747,"i":1}},"t":1},"appliedThrough":{"ts":{"$timestamp":{"t":0,"i":0}},"t":-1},"oplogTruncateAfterPoint":{"$timestamp":{"t":0,"i":0}}}}
{"t":{"$date":"2024-03-28T17:49:15.023+09:00"},"s":"I",  "c":"REPL",     "id":21545,   "ctx":"initandlisten","msg":"Starting recovery oplog application at the stable timestamp","attr":{"stableTimestamp":{"$timestamp":{"t":1711615710,"i":25}}}}
{"t":{"$date":"2024-03-28T17:49:15.023+09:00"},"s":"I",  "c":"REPL",     "id":21550,   "ctx":"initandlisten","msg":"Replaying stored operations from startPoint (inclusive) to endPoint (inclusive)","attr":{"startPoint":{"$timestamp":{"t":1711615710,"i":25}},"endPoint":{"$timestamp":{"t":1711615747,"i":1}}}}
{"t":{"$date":"2024-03-28T17:49:15.024+09:00"},"s":"I",  "c":"STORAGE",  "id":20320,   "ctx":"ReplWriterWorker-0","msg":"createCollection","attr":{"namespace":"admin.system.keys","uuidDisposition":"provided","uuid":{"uuid":{"$uuid":"b5d19c60-1fd6-49b8-a8a4-2739d711ad6b"}},"options":{"uuid":{"$uuid":"b5d19c60-1fd6-49b8-a8a4-2739d711ad6b"}}}}
{"t":{"$date":"2024-03-28T17:49:15.038+09:00"},"s":"I",  "c":"INDEX",    "id":20345,   "ctx":"ReplWriterWorker-0","msg":"Index build: done building","attr":{"buildUUID":null,"namespace":"admin.system.keys","index":"_id_","commitTimestamp":{"$timestamp":{"t":1711615710,"i":26}}}}
{"t":{"$date":"2024-03-28T17:49:15.040+09:00"},"s":"I",  "c":"STORAGE",  "id":20320,   "ctx":"ReplWriterWorker-0","msg":"createCollection","attr":{"namespace":"config.mongos","uuidDisposition":"provided","uuid":{"uuid":{"$uuid":"6b28136f-58db-4309-a49b-1c0b240eb978"}},"options":{"uuid":{"$uuid":"6b28136f-58db-4309-a49b-1c0b240eb978"}}}}
{"t":{"$date":"2024-03-28T17:49:15.054+09:00"},"s":"I",  "c":"INDEX",    "id":20345,   "ctx":"ReplWriterWorker-0","msg":"Index build: done building","attr":{"buildUUID":null,"namespace":"config.mongos","index":"_id_","commitTimestamp":{"$timestamp":{"t":1711615712,"i":2}}}}
{"t":{"$date":"2024-03-28T17:49:15.055+09:00"},"s":"I",  "c":"REPL",     "id":21536,   "ctx":"initandlisten","msg":"Completed oplog application for recovery","attr":{"numOpsApplied":40,"numBatches":4,"applyThroughOpTime":{"ts":{"$timestamp":{"t":1711615747,"i":1}},"t":1}}}
{"t":{"$date":"2024-03-28T17:49:15.055+09:00"},"s":"I",  "c":"REPL",     "id":4280506, "ctx":"initandlisten","msg":"Reconstructing prepared transactions"}
{"t":{"$date":"2024-03-28T17:49:15.056+09:00"},"s":"I",  "c":"REPL",     "id":4280507, "ctx":"initandlisten","msg":"Loaded replica set config, scheduled callback to set local config"}
{"t":{"$date":"2024-03-28T17:49:15.056+09:00"},"s":"I",  "c":"REPL",     "id":4280508, "ctx":"ReplCoord-0","msg":"Attempting to set local replica set config; validating config for startup"}
{"t":{"$date":"2024-03-28T17:49:15.057+09:00"},"s":"I",  "c":"REPL",     "id":4280509, "ctx":"ReplCoord-0","msg":"Local configuration validated for startup"}
{"t":{"$date":"2024-03-28T17:49:15.057+09:00"},"s":"I",  "c":"REPL",     "id":6015317, "ctx":"ReplCoord-0","msg":"Setting new configuration state","attr":{"newState":"ConfigSteady","oldState":"ConfigStartingUp"}}
{"t":{"$date":"2024-03-28T17:49:15.057+09:00"},"s":"I",  "c":"REPL",     "id":21392,   "ctx":"ReplCoord-0","msg":"New replica set config in use","attr":{"config":{"_id":"ConfigReplSet","version":1,"term":1,"configsvr":true,"protocolVersion":1,"writeConcernMajorityJournalDefault":true,"members":[{"_id":0,"host":"shard:27019","arbiterOnly":false,"buildIndexes":true,"hidden":false,"priority":1.0,"tags":{},"slaveDelay":0,"votes":1}],"settings":{"chainingAllowed":true,"heartbeatIntervalMillis":2000,"heartbeatTimeoutSecs":10,"electionTimeoutMillis":10000,"catchUpTimeoutMillis":-1,"catchUpTakeoverDelayMillis":30000,"getLastErrorModes":{},"getLastErrorDefaults":{"w":1,"wtimeout":0},"replicaSetId":{"$oid":"66052ede3a3087a8519e1054"}}}}}
{"t":{"$date":"2024-03-28T17:49:15.057+09:00"},"s":"I",  "c":"REPL",     "id":21393,   "ctx":"ReplCoord-0","msg":"Found self in config","attr":{"hostAndPort":"shard:27019"}}
{"t":{"$date":"2024-03-28T17:49:15.057+09:00"},"s":"I",  "c":"REPL",     "id":21358,   "ctx":"ReplCoord-0","msg":"Replica set state transition","attr":{"newState":"STARTUP2","oldState":"STARTUP"}}
{"t":{"$date":"2024-03-28T17:49:15.057+09:00"},"s":"I",  "c":"REPL",     "id":21320,   "ctx":"ReplCoord-0","msg":"Updated term","attr":{"term":1}}
{"t":{"$date":"2024-03-28T17:49:15.057+09:00"},"s":"I",  "c":"REPL",     "id":21306,   "ctx":"ReplCoord-0","msg":"Starting replication storage threads"}
{"t":{"$date":"2024-03-28T17:49:15.058+09:00"},"s":"I",  "c":"REPL",     "id":4280512, "ctx":"ReplCoord-0","msg":"No initial sync required. Attempting to begin steady replication"}
{"t":{"$date":"2024-03-28T17:49:15.058+09:00"},"s":"I",  "c":"REPL",     "id":21358,   "ctx":"ReplCoord-0","msg":"Replica set state transition","attr":{"newState":"RECOVERING","oldState":"STARTUP2"}}
{"t":{"$date":"2024-03-28T17:49:15.058+09:00"},"s":"I",  "c":"SH_REFR",  "id":24101,   "ctx":"ConfigServerCatalogCacheLoader-0","msg":"Refreshed cached database entry","attr":{"db":"config","newDbVersion":{"uuid":{"$uuid":"1f758dcd-9d97-4261-8ae8-1fde30c04af6"},"lastMod":0},"oldDbVersion":{},"durationMillis":0}}
{"t":{"$date":"2024-03-28T17:49:15.058+09:00"},"s":"I",  "c":"CONTROL",  "id":20714,   "ctx":"LogicalSessionCacheRefresh","msg":"Failed to refresh session cache, will try again at the next refresh interval","attr":{"error":"ShardNotFound: Failed to create config.system.sessions: cannot create the collection until there are shards"}}
{"t":{"$date":"2024-03-28T17:49:15.058+09:00"},"s":"I",  "c":"CONTROL",  "id":20712,   "ctx":"LogicalSessionCacheReap","msg":"Sessions collection is not set up; waiting until next sessions reap interval","attr":{"error":"ReadConcernMajorityNotAvailableYet: Read concern majority reads are currently not possible."}}
{"t":{"$date":"2024-03-28T17:49:15.059+09:00"},"s":"I",  "c":"REPL",     "id":40440,   "ctx":"initandlisten","msg":"Starting the TopologyVersionObserver"}
{"t":{"$date":"2024-03-28T17:49:15.059+09:00"},"s":"I",  "c":"REPL",     "id":21299,   "ctx":"ReplCoord-0","msg":"Starting replication fetcher thread"}
{"t":{"$date":"2024-03-28T17:49:15.059+09:00"},"s":"I",  "c":"REPL",     "id":21300,   "ctx":"ReplCoord-0","msg":"Starting replication applier thread"}
{"t":{"$date":"2024-03-28T17:49:15.059+09:00"},"s":"I",  "c":"REPL",     "id":21301,   "ctx":"ReplCoord-0","msg":"Starting replication reporter thread"}
{"t":{"$date":"2024-03-28T17:49:15.059+09:00"},"s":"I",  "c":"REPL",     "id":21224,   "ctx":"OplogApplier-0","msg":"Starting oplog application"}
{"t":{"$date":"2024-03-28T17:49:15.059+09:00"},"s":"I",  "c":"REPL",     "id":40445,   "ctx":"TopologyVersionObserver","msg":"Started TopologyVersionObserver"}
{"t":{"$date":"2024-03-28T17:49:15.059+09:00"},"s":"I",  "c":"NETWORK",  "id":23015,   "ctx":"listener","msg":"Listening on","attr":{"address":"/tmp/mongodb-27019.sock"}}
{"t":{"$date":"2024-03-28T17:49:15.059+09:00"},"s":"I",  "c":"NETWORK",  "id":23015,   "ctx":"listener","msg":"Listening on","attr":{"address":"0.0.0.0"}}
{"t":{"$date":"2024-03-28T17:49:15.059+09:00"},"s":"I",  "c":"NETWORK",  "id":23016,   "ctx":"listener","msg":"Waiting for connections","attr":{"port":27019,"ssl":"off"}}
{"t":{"$date":"2024-03-28T17:49:15.059+09:00"},"s":"I",  "c":"REPL",     "id":21358,   "ctx":"OplogApplier-0","msg":"Replica set state transition","attr":{"newState":"SECONDARY","oldState":"RECOVERING"}}
{"t":{"$date":"2024-03-28T17:49:15.059+09:00"},"s":"I",  "c":"ELECTION", "id":4615652, "ctx":"OplogApplier-0","msg":"Starting an election, since we've seen no PRIMARY in election timeout period","attr":{"electionTimeoutPeriodMillis":10000}}
{"t":{"$date":"2024-03-28T17:49:15.059+09:00"},"s":"I",  "c":"ELECTION", "id":21438,   "ctx":"OplogApplier-0","msg":"Conducting a dry run election to see if we could be elected","attr":{"currentTerm":1}}
{"t":{"$date":"2024-03-28T17:49:15.060+09:00"},"s":"I",  "c":"ELECTION", "id":21444,   "ctx":"ReplCoord-0","msg":"Dry election run succeeded, running for election","attr":{"newTerm":2}}
{"t":{"$date":"2024-03-28T17:49:15.060+09:00"},"s":"I",  "c":"ELECTION", "id":6015300, "ctx":"ReplCoord-0","msg":"Storing last vote document in local storage for my election","attr":{"lastVote":{"term":2,"candidateIndex":0}}}
{"t":{"$date":"2024-03-28T17:49:15.061+09:00"},"s":"I",  "c":"ELECTION", "id":21450,   "ctx":"ReplCoord-0","msg":"Election succeeded, assuming primary role","attr":{"term":2}}
{"t":{"$date":"2024-03-28T17:49:15.061+09:00"},"s":"I",  "c":"REPL",     "id":21358,   "ctx":"ReplCoord-0","msg":"Replica set state transition","attr":{"newState":"PRIMARY","oldState":"SECONDARY"}}
{"t":{"$date":"2024-03-28T17:49:15.062+09:00"},"s":"I",  "c":"REPL",     "id":21106,   "ctx":"ReplCoord-0","msg":"Resetting sync source to empty","attr":{"previousSyncSource":":27017"}}
{"t":{"$date":"2024-03-28T17:49:15.062+09:00"},"s":"I",  "c":"REPL",     "id":21359,   "ctx":"ReplCoord-0","msg":"Entering primary catch-up mode"}
{"t":{"$date":"2024-03-28T17:49:15.062+09:00"},"s":"I",  "c":"REPL",     "id":6015304, "ctx":"ReplCoord-0","msg":"Skipping primary catchup since we are the only node in the replica set."}
{"t":{"$date":"2024-03-28T17:49:15.062+09:00"},"s":"I",  "c":"REPL",     "id":21363,   "ctx":"ReplCoord-0","msg":"Exited primary catch-up mode"}
{"t":{"$date":"2024-03-28T17:49:15.062+09:00"},"s":"I",  "c":"REPL",     "id":21107,   "ctx":"ReplCoord-0","msg":"Stopping replication producer"}
{"t":{"$date":"2024-03-28T17:49:15.062+09:00"},"s":"I",  "c":"REPL",     "id":21239,   "ctx":"ReplBatcher","msg":"Oplog buffer has been drained","attr":{"term":2}}
{"t":{"$date":"2024-03-28T17:49:15.062+09:00"},"s":"I",  "c":"REPL",     "id":21239,   "ctx":"ReplBatcher","msg":"Oplog buffer has been drained","attr":{"term":2}}
{"t":{"$date":"2024-03-28T17:49:15.063+09:00"},"s":"I",  "c":"REPL",     "id":21343,   "ctx":"RstlKillOpThread","msg":"Starting to kill user operations"}
{"t":{"$date":"2024-03-28T17:49:15.063+09:00"},"s":"I",  "c":"REPL",     "id":21344,   "ctx":"RstlKillOpThread","msg":"Stopped killing user operations"}
{"t":{"$date":"2024-03-28T17:49:15.063+09:00"},"s":"I",  "c":"REPL",     "id":21340,   "ctx":"RstlKillOpThread","msg":"State transition ops metrics","attr":{"metrics":{"lastStateTransition":"stepUp","userOpsKilled":0,"userOpsRunning":0}}}
{"t":{"$date":"2024-03-28T17:49:15.063+09:00"},"s":"I",  "c":"REPL",     "id":4508103, "ctx":"OplogApplier-0","msg":"Increment the config term via reconfig"}
{"t":{"$date":"2024-03-28T17:49:15.063+09:00"},"s":"I",  "c":"REPL",     "id":6015313, "ctx":"OplogApplier-0","msg":"Replication config state is Steady, starting reconfig"}
{"t":{"$date":"2024-03-28T17:49:15.063+09:00"},"s":"I",  "c":"REPL",     "id":6015317, "ctx":"OplogApplier-0","msg":"Setting new configuration state","attr":{"newState":"ConfigReconfiguring","oldState":"ConfigSteady"}}
{"t":{"$date":"2024-03-28T17:49:15.063+09:00"},"s":"I",  "c":"REPL",     "id":21353,   "ctx":"OplogApplier-0","msg":"replSetReconfig config object parses ok","attr":{"numMembers":1}}
{"t":{"$date":"2024-03-28T17:49:15.063+09:00"},"s":"I",  "c":"REPL",     "id":51814,   "ctx":"OplogApplier-0","msg":"Persisting new config to disk"}
{"t":{"$date":"2024-03-28T17:49:15.064+09:00"},"s":"I",  "c":"REPL",     "id":6015315, "ctx":"OplogApplier-0","msg":"Persisted new config to disk"}
{"t":{"$date":"2024-03-28T17:49:15.064+09:00"},"s":"I",  "c":"REPL",     "id":6015317, "ctx":"OplogApplier-0","msg":"Setting new configuration state","attr":{"newState":"ConfigSteady","oldState":"ConfigReconfiguring"}}
{"t":{"$date":"2024-03-28T17:49:15.064+09:00"},"s":"I",  "c":"REPL",     "id":21392,   "ctx":"OplogApplier-0","msg":"New replica set config in use","attr":{"config":{"_id":"ConfigReplSet","version":1,"term":2,"configsvr":true,"protocolVersion":1,"writeConcernMajorityJournalDefault":true,"members":[{"_id":0,"host":"shard:27019","arbiterOnly":false,"buildIndexes":true,"hidden":false,"priority":1.0,"tags":{},"slaveDelay":0,"votes":1}],"settings":{"chainingAllowed":true,"heartbeatIntervalMillis":2000,"heartbeatTimeoutSecs":10,"electionTimeoutMillis":10000,"catchUpTimeoutMillis":-1,"catchUpTakeoverDelayMillis":30000,"getLastErrorModes":{},"getLastErrorDefaults":{"w":1,"wtimeout":0},"replicaSetId":{"$oid":"66052ede3a3087a8519e1054"}}}}}
{"t":{"$date":"2024-03-28T17:49:15.064+09:00"},"s":"I",  "c":"REPL",     "id":21393,   "ctx":"OplogApplier-0","msg":"Found self in config","attr":{"hostAndPort":"shard:27019"}}
{"t":{"$date":"2024-03-28T17:49:15.064+09:00"},"s":"I",  "c":"REPL",     "id":6015310, "ctx":"OplogApplier-0","msg":"Starting to transition to primary."}
{"t":{"$date":"2024-03-28T17:49:15.064+09:00"},"s":"I",  "c":"REPL",     "id":6015309, "ctx":"OplogApplier-0","msg":"Logging transition to primary to oplog on stepup"}
{"t":{"$date":"2024-03-28T17:49:15.066+09:00"},"s":"I",  "c":"SHARDING", "id":21856,   "ctx":"Balancer","msg":"CSRS balancer is starting"}
{"t":{"$date":"2024-03-28T17:49:15.066+09:00"},"s":"W",  "c":"SHARDING", "id":21876,   "ctx":"Balancer","msg":"Got error while refreshing balancer settings, will retry with a backoff","attr":{"backoffIntervalMillis":10000,"error":{"code":134,"codeName":"ReadConcernMajorityNotAvailableYet","errmsg":"Failed to refresh the balancer settings :: caused by :: Read concern majority reads are currently not possible."}}}
{"t":{"$date":"2024-03-28T17:49:15.067+09:00"},"s":"I",  "c":"SHARDING", "id":22049,   "ctx":"PeriodicShardedIndexConsistencyChecker","msg":"Checking consistency of sharded collection indexes across the cluster"}
{"t":{"$date":"2024-03-28T17:49:15.067+09:00"},"s":"I",  "c":"STORAGE",  "id":20657,   "ctx":"OplogApplier-0","msg":"IndexBuildsCoordinator::onStepUp - this node is stepping up to primary"}
{"t":{"$date":"2024-03-28T17:49:15.067+09:00"},"s":"I",  "c":"REPL",     "id":21331,   "ctx":"OplogApplier-0","msg":"Transition to primary complete; database writes are now permitted"}
{"t":{"$date":"2024-03-28T17:49:15.067+09:00"},"s":"I",  "c":"REPL",     "id":6015306, "ctx":"OplogApplier-0","msg":"Applier already left draining state, exiting."}
{"t":{"$date":"2024-03-28T17:49:15.069+09:00"},"s":"I",  "c":"TXN",      "id":22452,   "ctx":"TransactionCoordinator","msg":"Need to resume coordinating commit for transactions with an in-progress two-phase commit/abort","attr":{"numPendingTransactions":0}}
{"t":{"$date":"2024-03-28T17:49:15.069+09:00"},"s":"I",  "c":"TXN",      "id":22438,   "ctx":"TransactionCoordinator","msg":"Incoming coordinateCommit requests are now enabled"}
{"t":{"$date":"2024-03-28T17:49:15.102+09:00"},"s":"I",  "c":"NETWORK",  "id":22943,   "ctx":"listener","msg":"Connection accepted","attr":{"remote":"192.168.1.141:57420","connectionId":1,"connectionCount":1}}
{"t":{"$date":"2024-03-28T17:49:15.103+09:00"},"s":"I",  "c":"NETWORK",  "id":51800,   "ctx":"conn1","msg":"client metadata","attr":{"remote":"192.168.1.141:57420","client":"conn1","doc":{"driver":{"name":"NetworkInterfaceTL","version":"4.4.29"},"os":{"type":"Linux","name":"Ubuntu","architecture":"x86_64","version":"22.04"}}}}
{"t":{"$date":"2024-03-28T17:49:15.105+09:00"},"s":"I",  "c":"NETWORK",  "id":22943,   "ctx":"listener","msg":"Connection accepted","attr":{"remote":"192.168.1.141:57430","connectionId":2,"connectionCount":2}}
{"t":{"$date":"2024-03-28T17:49:15.105+09:00"},"s":"I",  "c":"NETWORK",  "id":51800,   "ctx":"conn2","msg":"client metadata","attr":{"remote":"192.168.1.141:57430","client":"conn2","doc":{"driver":{"name":"NetworkInterfaceTL","version":"4.4.29"},"os":{"type":"Linux","name":"Ubuntu","architecture":"x86_64","version":"22.04"}}}}
{"t":{"$date":"2024-03-28T17:49:15.107+09:00"},"s":"I",  "c":"NETWORK",  "id":22943,   "ctx":"listener","msg":"Connection accepted","attr":{"remote":"192.168.1.141:57442","connectionId":3,"connectionCount":3}}
{"t":{"$date":"2024-03-28T17:49:15.107+09:00"},"s":"I",  "c":"NETWORK",  "id":22943,   "ctx":"listener","msg":"Connection accepted","attr":{"remote":"192.168.1.141:57456","connectionId":4,"connectionCount":4}}
{"t":{"$date":"2024-03-28T17:49:15.107+09:00"},"s":"I",  "c":"NETWORK",  "id":51800,   "ctx":"conn3","msg":"client metadata","attr":{"remote":"192.168.1.141:57442","client":"conn3","doc":{"driver":{"name":"NetworkInterfaceTL","version":"4.4.29"},"os":{"type":"Linux","name":"Ubuntu","architecture":"x86_64","version":"22.04"}}}}
{"t":{"$date":"2024-03-28T17:49:15.107+09:00"},"s":"I",  "c":"NETWORK",  "id":22943,   "ctx":"listener","msg":"Connection accepted","attr":{"remote":"192.168.1.141:57472","connectionId":5,"connectionCount":5}}
{"t":{"$date":"2024-03-28T17:49:15.108+09:00"},"s":"I",  "c":"NETWORK",  "id":51800,   "ctx":"conn4","msg":"client metadata","attr":{"remote":"192.168.1.141:57456","client":"conn4","doc":{"driver":{"name":"NetworkInterfaceTL","version":"4.4.29"},"os":{"type":"Linux","name":"Ubuntu","architecture":"x86_64","version":"22.04"}}}}
{"t":{"$date":"2024-03-28T17:49:15.108+09:00"},"s":"I",  "c":"NETWORK",  "id":51800,   "ctx":"conn5","msg":"client metadata","attr":{"remote":"192.168.1.141:57472","client":"conn5","doc":{"driver":{"name":"NetworkInterfaceTL","version":"4.4.29"},"os":{"type":"Linux","name":"Ubuntu","architecture":"x86_64","version":"22.04"}}}}
{"t":{"$date":"2024-03-28T17:49:15.109+09:00"},"s":"I",  "c":"NETWORK",  "id":22943,   "ctx":"listener","msg":"Connection accepted","attr":{"remote":"192.168.1.141:57482","connectionId":6,"connectionCount":6}}
{"t":{"$date":"2024-03-28T17:49:15.109+09:00"},"s":"I",  "c":"NETWORK",  "id":51800,   "ctx":"conn6","msg":"client metadata","attr":{"remote":"192.168.1.141:57482","client":"conn6","doc":{"driver":{"name":"NetworkInterfaceTL","version":"4.4.29"},"os":{"type":"Linux","name":"Ubuntu","architecture":"x86_64","version":"22.04"}}}}
{"t":{"$date":"2024-03-28T17:49:15.109+09:00"},"s":"I",  "c":"NETWORK",  "id":22943,   "ctx":"listener","msg":"Connection accepted","attr":{"remote":"192.168.1.141:57496","connectionId":7,"connectionCount":7}}
{"t":{"$date":"2024-03-28T17:49:15.110+09:00"},"s":"I",  "c":"NETWORK",  "id":51800,   "ctx":"conn7","msg":"client metadata","attr":{"remote":"192.168.1.141:57496","client":"conn7","doc":{"driver":{"name":"NetworkInterfaceTL","version":"4.4.29"},"os":{"type":"Linux","name":"Ubuntu","architecture":"x86_64","version":"22.04"}}}}
{"t":{"$date":"2024-03-28T17:49:15.115+09:00"},"s":"I",  "c":"SHARDING", "id":20997,   "ctx":"conn5","msg":"Refreshed RWC defaults","attr":{"newDefaults":{}}}
{"t":{"$date":"2024-03-28T17:49:15.117+09:00"},"s":"I",  "c":"SHARDING", "id":20997,   "ctx":"conn5","msg":"Refreshed RWC defaults","attr":{"newDefaults":{}}}
{"t":{"$date":"2024-03-28T17:49:15.164+09:00"},"s":"I",  "c":"SHARDING", "id":20997,   "ctx":"conn5","msg":"Refreshed RWC defaults","attr":{"newDefaults":{}}}
{"t":{"$date":"2024-03-28T17:49:16.007+09:00"},"s":"I",  "c":"FTDC",     "id":20631,   "ctx":"ftdc","msg":"Unclean full-time diagnostic data capture shutdown detected, found interim file, some metrics may have been lost","attr":{"error":{"code":0,"codeName":"OK"}}}
{"t":{"$date":"2024-03-28T17:49:25.070+09:00"},"s":"I",  "c":"SHARDING", "id":21857,   "ctx":"Balancer","msg":"CSRS balancer thread is recovering"}
{"t":{"$date":"2024-03-28T17:49:25.070+09:00"},"s":"I",  "c":"SHARDING", "id":21858,   "ctx":"Balancer","msg":"CSRS balancer thread is recovered"}
{"t":{"$date":"2024-03-28T17:49:25.219+09:00"},"s":"I",  "c":"SHARDING", "id":20997,   "ctx":"conn5","msg":"Refreshed RWC defaults","attr":{"newDefaults":{}}}
{"t":{"$date":"2024-03-28T17:49:35.264+09:00"},"s":"I",  "c":"SHARDING", "id":20997,   "ctx":"conn5","msg":"Refreshed RWC defaults","attr":{"newDefaults":{}}}
{"t":{"$date":"2024-03-28T17:49:45.329+09:00"},"s":"I",  "c":"SHARDING", "id":20997,   "ctx":"conn5","msg":"Refreshed RWC defaults","attr":{"newDefaults":{}}}
{"t":{"$date":"2024-03-28T17:49:55.386+09:00"},"s":"I",  "c":"SHARDING", "id":20997,   "ctx":"conn5","msg":"Refreshed RWC defaults","attr":{"newDefaults":{}}}
