
{"t":{"$date":"2024-03-28T17:48:35.772+09:00"},"s":"I",  "c":"CONTROL",  "id":20698,   "ctx":"main","msg":"***** SERVER RESTARTED *****"}
{"t":{"$date":"2024-03-28T17:48:35.773+09:00"},"s":"I",  "c":"CONTROL",  "id":23285,   "ctx":"main","msg":"Automatically disabling TLS 1.0, to force-enable TLS 1.0 specify --sslDisabledProtocols 'none'"}
{"t":{"$date":"2024-03-28T17:48:35.781+09:00"},"s":"I",  "c":"NETWORK",  "id":4648601, "ctx":"main","msg":"Implicit TCP FastOpen unavailable. If TCP FastOpen is required, set tcpFastOpenServer, tcpFastOpenClient, and tcpFastOpenQueueSize."}
{"t":{"$date":"2024-03-28T17:48:35.783+09:00"},"s":"I",  "c":"STORAGE",  "id":4615611, "ctx":"initandlisten","msg":"MongoDB starting","attr":{"pid":6162,"port":27022,"dbPath":"/shard/data/shard2db","architecture":"64-bit","host":"shard"}}
{"t":{"$date":"2024-03-28T17:48:35.783+09:00"},"s":"I",  "c":"CONTROL",  "id":23403,   "ctx":"initandlisten","msg":"Build Info","attr":{"buildInfo":{"version":"4.4.29","gitVersion":"f4dda329a99811c707eb06d05ad023599f9be263","openSSLVersion":"OpenSSL 1.1.1f  31 Mar 2020","modules":[],"allocator":"tcmalloc","environment":{"distmod":"ubuntu2004","distarch":"x86_64","target_arch":"x86_64"}}}}
{"t":{"$date":"2024-03-28T17:48:35.783+09:00"},"s":"I",  "c":"CONTROL",  "id":51765,   "ctx":"initandlisten","msg":"Operating System","attr":{"os":{"name":"Ubuntu","version":"22.04"}}}
{"t":{"$date":"2024-03-28T17:48:35.783+09:00"},"s":"I",  "c":"CONTROL",  "id":21951,   "ctx":"initandlisten","msg":"Options set by command line","attr":{"options":{"config":"/shard/mongoShard2.conf","net":{"bindIp":"0.0.0.0","port":27022},"processManagement":{"timeZoneInfo":"/usr/share/zoneinfo"},"replication":{"replSetName":"ShardReplSet"},"sharding":{"clusterRole":"shardsvr"},"storage":{"dbPath":"/shard/data/shard2db","journal":{"enabled":true}},"systemLog":{"destination":"file","logAppend":true,"path":"/shard/data/logs/shard2.log"}}}}
{"t":{"$date":"2024-03-28T17:48:35.784+09:00"},"s":"I",  "c":"STORAGE",  "id":22297,   "ctx":"initandlisten","msg":"Using the XFS filesystem is strongly recommended with the WiredTiger storage engine. See http://dochub.mongodb.org/core/prodnotes-filesystem","tags":["startupWarnings"]}
{"t":{"$date":"2024-03-28T17:48:35.784+09:00"},"s":"I",  "c":"STORAGE",  "id":22315,   "ctx":"initandlisten","msg":"Opening WiredTiger","attr":{"config":"create,cache_size=3454M,session_max=33000,eviction=(threads_min=4,threads_max=4),config_base=false,statistics=(fast),log=(enabled=true,archive=true,path=journal,compressor=snappy),file_manager=(close_idle_time=100000,close_scan_interval=10,close_handle_minimum=250),statistics_log=(wait=0),verbose=[recovery_progress,checkpoint_progress,compact_progress],"}}
{"t":{"$date":"2024-03-28T17:48:35.977+09:00"},"s":"I",  "c":"STORAGE",  "id":22430,   "ctx":"initandlisten","msg":"WiredTiger message","attr":{"message":"[1711615715:977128][6162:0x7746c1264cc0], txn-recover: [WT_VERB_RECOVERY | WT_VERB_RECOVERY_PROGRESS] Set global recovery timestamp: (0, 0)"}}
{"t":{"$date":"2024-03-28T17:48:35.977+09:00"},"s":"I",  "c":"STORAGE",  "id":22430,   "ctx":"initandlisten","msg":"WiredTiger message","attr":{"message":"[1711615715:977175][6162:0x7746c1264cc0], txn-recover: [WT_VERB_RECOVERY | WT_VERB_RECOVERY_PROGRESS] Set global oldest timestamp: (0, 0)"}}
{"t":{"$date":"2024-03-28T17:48:35.988+09:00"},"s":"I",  "c":"STORAGE",  "id":4795906, "ctx":"initandlisten","msg":"WiredTiger opened","attr":{"durationMillis":204}}
{"t":{"$date":"2024-03-28T17:48:35.988+09:00"},"s":"I",  "c":"RECOVERY", "id":23987,   "ctx":"initandlisten","msg":"WiredTiger recoveryTimestamp","attr":{"recoveryTimestamp":{"$timestamp":{"t":0,"i":0}}}}
{"t":{"$date":"2024-03-28T17:48:36.007+09:00"},"s":"I",  "c":"STORAGE",  "id":22262,   "ctx":"initandlisten","msg":"Timestamp monitor starting"}
{"t":{"$date":"2024-03-28T17:48:36.014+09:00"},"s":"W",  "c":"CONTROL",  "id":22120,   "ctx":"initandlisten","msg":"Access control is not enabled for the database. Read and write access to data and configuration is unrestricted","tags":["startupWarnings"]}
{"t":{"$date":"2024-03-28T17:48:36.014+09:00"},"s":"W",  "c":"CONTROL",  "id":22138,   "ctx":"initandlisten","msg":"You are running this process as the root user, which is not recommended","tags":["startupWarnings"]}
{"t":{"$date":"2024-03-28T17:48:36.014+09:00"},"s":"W",  "c":"CONTROL",  "id":22184,   "ctx":"initandlisten","msg":"Soft rlimits too low","attr":{"currentValue":1024,"recommendedMinimum":64000},"tags":["startupWarnings"]}
{"t":{"$date":"2024-03-28T17:48:36.015+09:00"},"s":"I",  "c":"STORAGE",  "id":20536,   "ctx":"initandlisten","msg":"Flow Control is enabled on this deployment"}
{"t":{"$date":"2024-03-28T17:48:36.016+09:00"},"s":"W",  "c":"SHARDING", "id":22074,   "ctx":"initandlisten","msg":"Started with --shardsvr, but no shardIdentity document was found on disk. This most likely means this server has not yet been added to a sharded cluster","attr":{"namespace":"admin.system.version"}}
{"t":{"$date":"2024-03-28T17:48:36.016+09:00"},"s":"I",  "c":"STORAGE",  "id":20320,   "ctx":"initandlisten","msg":"createCollection","attr":{"namespace":"local.startup_log","uuidDisposition":"generated","uuid":{"uuid":{"$uuid":"c407d977-c3ad-4d93-a031-d81d8131182c"}},"options":{"capped":true,"size":10485760}}}
{"t":{"$date":"2024-03-28T17:48:36.031+09:00"},"s":"I",  "c":"INDEX",    "id":20345,   "ctx":"initandlisten","msg":"Index build: done building","attr":{"buildUUID":null,"namespace":"local.startup_log","index":"_id_","commitTimestamp":{"$timestamp":{"t":0,"i":0}}}}
{"t":{"$date":"2024-03-28T17:48:36.031+09:00"},"s":"I",  "c":"FTDC",     "id":20625,   "ctx":"initandlisten","msg":"Initializing full-time diagnostic data capture","attr":{"dataDirectory":"/shard/data/shard2db/diagnostic.data"}}
{"t":{"$date":"2024-03-28T17:48:36.032+09:00"},"s":"I",  "c":"REPL",     "id":6015317, "ctx":"initandlisten","msg":"Setting new configuration state","attr":{"newState":"ConfigStartingUp","oldState":"ConfigPreStart"}}
{"t":{"$date":"2024-03-28T17:48:36.032+09:00"},"s":"I",  "c":"REPL",     "id":4280500, "ctx":"initandlisten","msg":"Attempting to create internal replication collections"}
{"t":{"$date":"2024-03-28T17:48:36.032+09:00"},"s":"I",  "c":"STORAGE",  "id":20320,   "ctx":"initandlisten","msg":"createCollection","attr":{"namespace":"local.replset.oplogTruncateAfterPoint","uuidDisposition":"generated","uuid":{"uuid":{"$uuid":"0c2c1ceb-f521-4938-bbc4-05966cc94792"}},"options":{}}}
{"t":{"$date":"2024-03-28T17:48:36.046+09:00"},"s":"I",  "c":"INDEX",    "id":20345,   "ctx":"initandlisten","msg":"Index build: done building","attr":{"buildUUID":null,"namespace":"local.replset.oplogTruncateAfterPoint","index":"_id_","commitTimestamp":{"$timestamp":{"t":0,"i":0}}}}
{"t":{"$date":"2024-03-28T17:48:36.046+09:00"},"s":"I",  "c":"STORAGE",  "id":20320,   "ctx":"initandlisten","msg":"createCollection","attr":{"namespace":"local.replset.minvalid","uuidDisposition":"generated","uuid":{"uuid":{"$uuid":"d75068a0-a176-4683-82e7-9771546085ef"}},"options":{}}}
{"t":{"$date":"2024-03-28T17:48:36.059+09:00"},"s":"I",  "c":"INDEX",    "id":20345,   "ctx":"initandlisten","msg":"Index build: done building","attr":{"buildUUID":null,"namespace":"local.replset.minvalid","index":"_id_","commitTimestamp":{"$timestamp":{"t":0,"i":0}}}}
{"t":{"$date":"2024-03-28T17:48:36.060+09:00"},"s":"I",  "c":"STORAGE",  "id":20320,   "ctx":"initandlisten","msg":"createCollection","attr":{"namespace":"local.replset.election","uuidDisposition":"generated","uuid":{"uuid":{"$uuid":"e8e9bc63-c337-4dd2-a06b-cb0370abc98f"}},"options":{}}}
{"t":{"$date":"2024-03-28T17:48:36.074+09:00"},"s":"I",  "c":"INDEX",    "id":20345,   "ctx":"initandlisten","msg":"Index build: done building","attr":{"buildUUID":null,"namespace":"local.replset.election","index":"_id_","commitTimestamp":{"$timestamp":{"t":0,"i":0}}}}
{"t":{"$date":"2024-03-28T17:48:36.074+09:00"},"s":"I",  "c":"REPL",     "id":4280501, "ctx":"initandlisten","msg":"Attempting to load local voted for document"}
{"t":{"$date":"2024-03-28T17:48:36.074+09:00"},"s":"I",  "c":"REPL",     "id":21311,   "ctx":"initandlisten","msg":"Did not find local initialized voted for document at startup"}
{"t":{"$date":"2024-03-28T17:48:36.074+09:00"},"s":"I",  "c":"REPL",     "id":4280502, "ctx":"initandlisten","msg":"Searching for local Rollback ID document"}
{"t":{"$date":"2024-03-28T17:48:36.074+09:00"},"s":"I",  "c":"REPL",     "id":21312,   "ctx":"initandlisten","msg":"Did not find local Rollback ID document at startup. Creating one"}
{"t":{"$date":"2024-03-28T17:48:36.074+09:00"},"s":"I",  "c":"STORAGE",  "id":20320,   "ctx":"initandlisten","msg":"createCollection","attr":{"namespace":"local.system.rollback.id","uuidDisposition":"generated","uuid":{"uuid":{"$uuid":"adf485b3-0f99-4bd2-a705-83d1dbe531ef"}},"options":{}}}
{"t":{"$date":"2024-03-28T17:48:36.088+09:00"},"s":"I",  "c":"INDEX",    "id":20345,   "ctx":"initandlisten","msg":"Index build: done building","attr":{"buildUUID":null,"namespace":"local.system.rollback.id","index":"_id_","commitTimestamp":{"$timestamp":{"t":0,"i":0}}}}
{"t":{"$date":"2024-03-28T17:48:36.088+09:00"},"s":"I",  "c":"REPL",     "id":21531,   "ctx":"initandlisten","msg":"Initialized the rollback ID","attr":{"rbid":1}}
{"t":{"$date":"2024-03-28T17:48:36.088+09:00"},"s":"I",  "c":"REPL",     "id":21313,   "ctx":"initandlisten","msg":"Did not find local replica set configuration document at startup","attr":{"error":{"code":47,"codeName":"NoMatchingDocument","errmsg":"Did not find replica set configuration document in local.system.replset"}}}
{"t":{"$date":"2024-03-28T17:48:36.089+09:00"},"s":"I",  "c":"REPL",     "id":6015317, "ctx":"initandlisten","msg":"Setting new configuration state","attr":{"newState":"ConfigUninitialized","oldState":"ConfigStartingUp"}}
{"t":{"$date":"2024-03-28T17:48:36.090+09:00"},"s":"I",  "c":"CONTROL",  "id":20714,   "ctx":"LogicalSessionCacheRefresh","msg":"Failed to refresh session cache, will try again at the next refresh interval","attr":{"error":"ShardingStateNotInitialized: sharding state is not yet initialized"}}
{"t":{"$date":"2024-03-28T17:48:36.090+09:00"},"s":"I",  "c":"CONTROL",  "id":20712,   "ctx":"LogicalSessionCacheReap","msg":"Sessions collection is not set up; waiting until next sessions reap interval","attr":{"error":"ShardingStateNotInitialized: sharding state is not yet initialized"}}
{"t":{"$date":"2024-03-28T17:48:36.091+09:00"},"s":"I",  "c":"REPL",     "id":40440,   "ctx":"initandlisten","msg":"Starting the TopologyVersionObserver"}
{"t":{"$date":"2024-03-28T17:48:36.091+09:00"},"s":"I",  "c":"REPL",     "id":40445,   "ctx":"TopologyVersionObserver","msg":"Started TopologyVersionObserver"}
{"t":{"$date":"2024-03-28T17:48:36.091+09:00"},"s":"I",  "c":"NETWORK",  "id":23015,   "ctx":"listener","msg":"Listening on","attr":{"address":"/tmp/mongodb-27022.sock"}}
{"t":{"$date":"2024-03-28T17:48:36.091+09:00"},"s":"I",  "c":"NETWORK",  "id":23015,   "ctx":"listener","msg":"Listening on","attr":{"address":"0.0.0.0"}}
{"t":{"$date":"2024-03-28T17:48:36.091+09:00"},"s":"I",  "c":"NETWORK",  "id":23016,   "ctx":"listener","msg":"Waiting for connections","attr":{"port":27022,"ssl":"off"}}
{"t":{"$date":"2024-03-28T17:48:37.812+09:00"},"s":"I",  "c":"NETWORK",  "id":22943,   "ctx":"listener","msg":"Connection accepted","attr":{"remote":"192.168.1.141:50598","connectionId":1,"connectionCount":1}}
{"t":{"$date":"2024-03-28T17:48:37.813+09:00"},"s":"I",  "c":"NETWORK",  "id":51800,   "ctx":"conn1","msg":"client metadata","attr":{"remote":"192.168.1.141:50598","client":"conn1","doc":{"application":{"name":"MongoDB Shell"},"driver":{"name":"MongoDB Internal Client","version":"4.4.29"},"os":{"type":"Linux","name":"Ubuntu","architecture":"x86_64","version":"22.04"}}}}
{"t":{"$date":"2024-03-28T17:48:37.820+09:00"},"s":"I",  "c":"COMMAND",  "id":21577,   "ctx":"conn1","msg":"Initiate: no configuration specified. Using a default configuration for the set"}
{"t":{"$date":"2024-03-28T17:48:37.820+09:00"},"s":"I",  "c":"COMMAND",  "id":21578,   "ctx":"conn1","msg":"Created configuration for initiation","attr":{"config":"{ _id: \"ShardReplSet\", version: 1, members: [ { _id: 0, host: \"shard:27022\" } ] }"}}
{"t":{"$date":"2024-03-28T17:48:37.820+09:00"},"s":"I",  "c":"REPL",     "id":21356,   "ctx":"conn1","msg":"replSetInitiate admin command received from client"}
{"t":{"$date":"2024-03-28T17:48:37.820+09:00"},"s":"I",  "c":"REPL",     "id":6015317, "ctx":"conn1","msg":"Setting new configuration state","attr":{"newState":"ConfigInitiating","oldState":"ConfigUninitialized"}}
{"t":{"$date":"2024-03-28T17:48:37.821+09:00"},"s":"I",  "c":"REPL",     "id":21357,   "ctx":"conn1","msg":"replSetInitiate config object parses ok","attr":{"numMembers":1}}
{"t":{"$date":"2024-03-28T17:48:37.821+09:00"},"s":"I",  "c":"REPL",     "id":4711900, "ctx":"conn1","msg":"Set config term as uninitialized on shard server node","attr":{"newConfig":{"_id":"ShardReplSet","version":1,"protocolVersion":1,"writeConcernMajorityJournalDefault":true,"members":[{"_id":0,"host":"shard:27022","arbiterOnly":false,"buildIndexes":true,"hidden":false,"priority":1.0,"tags":{},"slaveDelay":0,"votes":1}],"settings":{"chainingAllowed":true,"heartbeatIntervalMillis":2000,"heartbeatTimeoutSecs":10,"electionTimeoutMillis":10000,"catchUpTimeoutMillis":-1,"catchUpTakeoverDelayMillis":30000,"getLastErrorModes":{},"getLastErrorDefaults":{"w":1,"wtimeout":0},"replicaSetId":{"$oid":"66052ee58570c78dee9d82e5"}}}}}
{"t":{"$date":"2024-03-28T17:48:37.821+09:00"},"s":"I",  "c":"REPL",     "id":21251,   "ctx":"conn1","msg":"Creating replication oplog","attr":{"oplogSizeMB":990}}
{"t":{"$date":"2024-03-28T17:48:37.821+09:00"},"s":"I",  "c":"STORAGE",  "id":20320,   "ctx":"conn1","msg":"createCollection","attr":{"namespace":"local.oplog.rs","uuidDisposition":"generated","uuid":{"uuid":{"$uuid":"5f5cdd05-bc67-4b1a-a69b-9c7630e35b3c"}},"options":{"capped":true,"size":1038090240,"autoIndexId":false}}}
{"t":{"$date":"2024-03-28T17:48:37.829+09:00"},"s":"I",  "c":"STORAGE",  "id":22383,   "ctx":"conn1","msg":"The size storer reports that the oplog contains","attr":{"numRecords":0,"dataSize":0}}
{"t":{"$date":"2024-03-28T17:48:37.829+09:00"},"s":"I",  "c":"STORAGE",  "id":22382,   "ctx":"conn1","msg":"WiredTiger record store oplog processing finished","attr":{"durationMillis":0}}
{"t":{"$date":"2024-03-28T17:48:37.832+09:00"},"s":"I",  "c":"STORAGE",  "id":22430,   "ctx":"conn1","msg":"WiredTiger message","attr":{"message":"[1711615717:832406][6162:0x7746aea3e640], WT_SESSION.checkpoint: [WT_VERB_CHECKPOINT_PROGRESS] saving checkpoint snapshot min: 52, snapshot max: 52 snapshot count: 0, oldest timestamp: (0, 0) , meta checkpoint timestamp: (0, 0) base write gen: 1"}}
{"t":{"$date":"2024-03-28T17:48:37.872+09:00"},"s":"I",  "c":"STORAGE",  "id":20320,   "ctx":"conn1","msg":"createCollection","attr":{"namespace":"local.system.replset","uuidDisposition":"generated","uuid":{"uuid":{"$uuid":"aed26d22-fe90-47cf-8989-b991e428d1ee"}},"options":{}}}
{"t":{"$date":"2024-03-28T17:48:37.887+09:00"},"s":"I",  "c":"INDEX",    "id":20345,   "ctx":"conn1","msg":"Index build: done building","attr":{"buildUUID":null,"namespace":"local.system.replset","index":"_id_","commitTimestamp":{"$timestamp":{"t":1711615717,"i":1}}}}
{"t":{"$date":"2024-03-28T17:48:37.889+09:00"},"s":"I",  "c":"STORAGE",  "id":20320,   "ctx":"conn1","msg":"createCollection","attr":{"namespace":"admin.system.version","uuidDisposition":"provided","uuid":{"uuid":{"$uuid":"2de12212-fb9d-4ddd-9a43-ff3a3c16d87a"}},"options":{"uuid":{"$uuid":"2de12212-fb9d-4ddd-9a43-ff3a3c16d87a"}}}}
{"t":{"$date":"2024-03-28T17:48:37.904+09:00"},"s":"I",  "c":"INDEX",    "id":20345,   "ctx":"conn1","msg":"Index build: done building","attr":{"buildUUID":null,"namespace":"admin.system.version","index":"_id_","commitTimestamp":{"$timestamp":{"t":1711615717,"i":1}}}}
{"t":{"$date":"2024-03-28T17:48:37.904+09:00"},"s":"I",  "c":"COMMAND",  "id":20459,   "ctx":"conn1","msg":"Setting featureCompatibilityVersion","attr":{"newVersion":"4.2"}}
{"t":{"$date":"2024-03-28T17:48:37.904+09:00"},"s":"I",  "c":"REPL",     "id":6015317, "ctx":"conn1","msg":"Setting new configuration state","attr":{"newState":"ConfigSteady","oldState":"ConfigInitiating"}}
{"t":{"$date":"2024-03-28T17:48:37.904+09:00"},"s":"I",  "c":"REPL",     "id":21392,   "ctx":"conn1","msg":"New replica set config in use","attr":{"config":{"_id":"ShardReplSet","version":1,"protocolVersion":1,"writeConcernMajorityJournalDefault":true,"members":[{"_id":0,"host":"shard:27022","arbiterOnly":false,"buildIndexes":true,"hidden":false,"priority":1.0,"tags":{},"slaveDelay":0,"votes":1}],"settings":{"chainingAllowed":true,"heartbeatIntervalMillis":2000,"heartbeatTimeoutSecs":10,"electionTimeoutMillis":10000,"catchUpTimeoutMillis":-1,"catchUpTakeoverDelayMillis":30000,"getLastErrorModes":{},"getLastErrorDefaults":{"w":1,"wtimeout":0},"replicaSetId":{"$oid":"66052ee58570c78dee9d82e5"}}}}}
{"t":{"$date":"2024-03-28T17:48:37.904+09:00"},"s":"I",  "c":"REPL",     "id":21393,   "ctx":"conn1","msg":"Found self in config","attr":{"hostAndPort":"shard:27022"}}
{"t":{"$date":"2024-03-28T17:48:37.904+09:00"},"s":"I",  "c":"REPL",     "id":21358,   "ctx":"conn1","msg":"Replica set state transition","attr":{"newState":"STARTUP2","oldState":"STARTUP"}}
{"t":{"$date":"2024-03-28T17:48:37.904+09:00"},"s":"I",  "c":"REPL",     "id":21306,   "ctx":"conn1","msg":"Starting replication storage threads"}
{"t":{"$date":"2024-03-28T17:48:37.905+09:00"},"s":"I",  "c":"REPL",     "id":4280512, "ctx":"conn1","msg":"No initial sync required. Attempting to begin steady replication"}
{"t":{"$date":"2024-03-28T17:48:37.905+09:00"},"s":"I",  "c":"REPL",     "id":21358,   "ctx":"conn1","msg":"Replica set state transition","attr":{"newState":"RECOVERING","oldState":"STARTUP2"}}
{"t":{"$date":"2024-03-28T17:48:37.905+09:00"},"s":"I",  "c":"STORAGE",  "id":20320,   "ctx":"conn1","msg":"createCollection","attr":{"namespace":"local.replset.initialSyncId","uuidDisposition":"generated","uuid":{"uuid":{"$uuid":"1988196e-bc7e-4834-979e-354c17c27889"}},"options":{}}}
{"t":{"$date":"2024-03-28T17:48:37.919+09:00"},"s":"I",  "c":"INDEX",    "id":20345,   "ctx":"conn1","msg":"Index build: done building","attr":{"buildUUID":null,"namespace":"local.replset.initialSyncId","index":"_id_","commitTimestamp":{"$timestamp":{"t":1711615717,"i":1}}}}
{"t":{"$date":"2024-03-28T17:48:37.919+09:00"},"s":"I",  "c":"REPL",     "id":21299,   "ctx":"conn1","msg":"Starting replication fetcher thread"}
{"t":{"$date":"2024-03-28T17:48:37.920+09:00"},"s":"I",  "c":"REPL",     "id":21300,   "ctx":"conn1","msg":"Starting replication applier thread"}
{"t":{"$date":"2024-03-28T17:48:37.920+09:00"},"s":"I",  "c":"REPL",     "id":21301,   "ctx":"conn1","msg":"Starting replication reporter thread"}
{"t":{"$date":"2024-03-28T17:48:37.920+09:00"},"s":"I",  "c":"REPL",     "id":21224,   "ctx":"OplogApplier-0","msg":"Starting oplog application"}
{"t":{"$date":"2024-03-28T17:48:37.920+09:00"},"s":"I",  "c":"COMMAND",  "id":51803,   "ctx":"conn1","msg":"Slow query","attr":{"type":"command","ns":"local.system.replset","appName":"MongoDB Shell","command":{"replSetInitiate":{"$undefined":true},"lsid":{"id":{"$uuid":"55180f01-ea39-4a2c-a9e5-1aaa8393966f"}},"$db":"admin"},"totalOplogSlotDurationMicros":105,"numYields":0,"reslen":139,"locks":{"ParallelBatchWriterMode":{"acquireCount":{"r":18}},"FeatureCompatibilityVersion":{"acquireCount":{"r":11,"w":8}},"ReplicationStateTransition":{"acquireCount":{"w":19}},"Global":{"acquireCount":{"r":11,"w":6,"W":2}},"Database":{"acquireCount":{"r":10,"w":4,"W":2}},"Collection":{"acquireCount":{"r":3,"w":5}},"Mutex":{"acquireCount":{"r":17}},"oplog":{"acquireCount":{"w":1}}},"flowControl":{"acquireCount":5,"timeAcquiringMicros":4},"storage":{},"protocol":"op_msg","durationMillis":100}}
{"t":{"$date":"2024-03-28T17:48:37.921+09:00"},"s":"I",  "c":"REPL",     "id":21358,   "ctx":"OplogApplier-0","msg":"Replica set state transition","attr":{"newState":"SECONDARY","oldState":"RECOVERING"}}
{"t":{"$date":"2024-03-28T17:48:37.921+09:00"},"s":"I",  "c":"ELECTION", "id":4615652, "ctx":"OplogApplier-0","msg":"Starting an election, since we've seen no PRIMARY in election timeout period","attr":{"electionTimeoutPeriodMillis":10000}}
{"t":{"$date":"2024-03-28T17:48:37.921+09:00"},"s":"I",  "c":"ELECTION", "id":21438,   "ctx":"OplogApplier-0","msg":"Conducting a dry run election to see if we could be elected","attr":{"currentTerm":0}}
{"t":{"$date":"2024-03-28T17:48:37.921+09:00"},"s":"I",  "c":"ELECTION", "id":21444,   "ctx":"ReplCoord-1","msg":"Dry election run succeeded, running for election","attr":{"newTerm":1}}
{"t":{"$date":"2024-03-28T17:48:37.921+09:00"},"s":"I",  "c":"ELECTION", "id":6015300, "ctx":"ReplCoord-1","msg":"Storing last vote document in local storage for my election","attr":{"lastVote":{"term":1,"candidateIndex":0}}}
{"t":{"$date":"2024-03-28T17:48:37.923+09:00"},"s":"I",  "c":"ELECTION", "id":21450,   "ctx":"ReplCoord-1","msg":"Election succeeded, assuming primary role","attr":{"term":1}}
{"t":{"$date":"2024-03-28T17:48:37.923+09:00"},"s":"I",  "c":"REPL",     "id":21358,   "ctx":"ReplCoord-1","msg":"Replica set state transition","attr":{"newState":"PRIMARY","oldState":"SECONDARY"}}
{"t":{"$date":"2024-03-28T17:48:37.923+09:00"},"s":"I",  "c":"REPL",     "id":21106,   "ctx":"ReplCoord-1","msg":"Resetting sync source to empty","attr":{"previousSyncSource":":27017"}}
{"t":{"$date":"2024-03-28T17:48:37.923+09:00"},"s":"I",  "c":"REPL",     "id":21359,   "ctx":"ReplCoord-1","msg":"Entering primary catch-up mode"}
{"t":{"$date":"2024-03-28T17:48:37.923+09:00"},"s":"I",  "c":"REPL",     "id":6015304, "ctx":"ReplCoord-1","msg":"Skipping primary catchup since we are the only node in the replica set."}
{"t":{"$date":"2024-03-28T17:48:37.923+09:00"},"s":"I",  "c":"REPL",     "id":21363,   "ctx":"ReplCoord-1","msg":"Exited primary catch-up mode"}
{"t":{"$date":"2024-03-28T17:48:37.923+09:00"},"s":"I",  "c":"REPL",     "id":21107,   "ctx":"ReplCoord-1","msg":"Stopping replication producer"}
{"t":{"$date":"2024-03-28T17:48:37.923+09:00"},"s":"I",  "c":"REPL",     "id":21239,   "ctx":"ReplBatcher","msg":"Oplog buffer has been drained","attr":{"term":1}}
{"t":{"$date":"2024-03-28T17:48:37.923+09:00"},"s":"I",  "c":"REPL",     "id":21239,   "ctx":"ReplBatcher","msg":"Oplog buffer has been drained","attr":{"term":1}}
{"t":{"$date":"2024-03-28T17:48:37.924+09:00"},"s":"I",  "c":"REPL",     "id":21343,   "ctx":"RstlKillOpThread","msg":"Starting to kill user operations"}
{"t":{"$date":"2024-03-28T17:48:37.924+09:00"},"s":"I",  "c":"REPL",     "id":21344,   "ctx":"RstlKillOpThread","msg":"Stopped killing user operations"}
{"t":{"$date":"2024-03-28T17:48:37.924+09:00"},"s":"I",  "c":"REPL",     "id":21340,   "ctx":"RstlKillOpThread","msg":"State transition ops metrics","attr":{"metrics":{"lastStateTransition":"stepUp","userOpsKilled":0,"userOpsRunning":0}}}
{"t":{"$date":"2024-03-28T17:48:37.924+09:00"},"s":"I",  "c":"REPL",     "id":6015310, "ctx":"OplogApplier-0","msg":"Starting to transition to primary."}
{"t":{"$date":"2024-03-28T17:48:37.924+09:00"},"s":"I",  "c":"STORAGE",  "id":20320,   "ctx":"OplogApplier-0","msg":"createCollection","attr":{"namespace":"config.transactions","uuidDisposition":"generated","uuid":{"uuid":{"$uuid":"89b152bd-aad1-4d4f-83e4-b99858dc24ef"}},"options":{}}}
{"t":{"$date":"2024-03-28T17:48:37.930+09:00"},"s":"I",  "c":"NETWORK",  "id":22944,   "ctx":"conn1","msg":"Connection ended","attr":{"remote":"192.168.1.141:50598","connectionId":1,"connectionCount":0}}
{"t":{"$date":"2024-03-28T17:48:37.940+09:00"},"s":"I",  "c":"INDEX",    "id":20345,   "ctx":"OplogApplier-0","msg":"Index build: done building","attr":{"buildUUID":null,"namespace":"config.transactions","index":"_id_","commitTimestamp":{"$timestamp":{"t":1711615717,"i":3}}}}
{"t":{"$date":"2024-03-28T17:48:37.940+09:00"},"s":"I",  "c":"STORAGE",  "id":20320,   "ctx":"OplogApplier-0","msg":"createCollection","attr":{"namespace":"config.image_collection","uuidDisposition":"generated","uuid":{"uuid":{"$uuid":"e4e926b4-e3d3-4410-afdd-505c38fbac1b"}},"options":{}}}
{"t":{"$date":"2024-03-28T17:48:37.955+09:00"},"s":"I",  "c":"INDEX",    "id":20345,   "ctx":"OplogApplier-0","msg":"Index build: done building","attr":{"buildUUID":null,"namespace":"config.image_collection","index":"_id_","commitTimestamp":{"$timestamp":{"t":1711615717,"i":4}}}}
{"t":{"$date":"2024-03-28T17:48:37.955+09:00"},"s":"I",  "c":"REPL",     "id":6015309, "ctx":"OplogApplier-0","msg":"Logging transition to primary to oplog on stepup"}
{"t":{"$date":"2024-03-28T17:48:37.955+09:00"},"s":"I",  "c":"STORAGE",  "id":20657,   "ctx":"OplogApplier-0","msg":"IndexBuildsCoordinator::onStepUp - this node is stepping up to primary"}
{"t":{"$date":"2024-03-28T17:48:37.955+09:00"},"s":"I",  "c":"STORAGE",  "id":20320,   "ctx":"OplogApplier-0","msg":"createCollection","attr":{"namespace":"config.system.indexBuilds","uuidDisposition":"generated","uuid":{"uuid":{"$uuid":"a878353e-451e-438e-be20-7c7471fc895d"}},"options":{}}}
{"t":{"$date":"2024-03-28T17:48:37.993+09:00"},"s":"I",  "c":"INDEX",    "id":20345,   "ctx":"OplogApplier-0","msg":"Index build: done building","attr":{"buildUUID":null,"namespace":"config.system.indexBuilds","index":"_id_","commitTimestamp":{"$timestamp":{"t":1711615717,"i":6}}}}
{"t":{"$date":"2024-03-28T17:48:37.993+09:00"},"s":"I",  "c":"REPL",     "id":21331,   "ctx":"OplogApplier-0","msg":"Transition to primary complete; database writes are now permitted"}
{"t":{"$date":"2024-03-28T17:48:37.993+09:00"},"s":"I",  "c":"REPL",     "id":6015306, "ctx":"OplogApplier-0","msg":"Applier already left draining state, exiting."}
{"t":{"$date":"2024-03-28T17:48:38.025+09:00"},"s":"I",  "c":"STORAGE",  "id":22310,   "ctx":"JournalFlusher","msg":"Triggering the first stable checkpoint","attr":{"initialData":{"$timestamp":{"t":1711615717,"i":1}},"prevStable":{"$timestamp":{"t":0,"i":0}},"currStable":{"$timestamp":{"t":1711615717,"i":6}}}}
{"t":{"$date":"2024-03-28T17:48:38.029+09:00"},"s":"I",  "c":"STORAGE",  "id":22430,   "ctx":"WTCheckpointThread","msg":"WiredTiger message","attr":{"message":"[1711615718:29258][6162:0x7746ba255640], WT_SESSION.checkpoint: [WT_VERB_CHECKPOINT_PROGRESS] saving checkpoint snapshot min: 102, snapshot max: 102 snapshot count: 0, oldest timestamp: (1711615712, 6) , meta checkpoint timestamp: (1711615717, 6) base write gen: 1"}}
{"t":{"$date":"2024-03-28T17:49:00.029+09:00"},"s":"I",  "c":"NETWORK",  "id":22943,   "ctx":"listener","msg":"Connection accepted","attr":{"remote":"192.168.1.141:60902","connectionId":2,"connectionCount":1}}
{"t":{"$date":"2024-03-28T17:49:00.029+09:00"},"s":"I",  "c":"NETWORK",  "id":51800,   "ctx":"conn2","msg":"client metadata","attr":{"remote":"192.168.1.141:60902","client":"conn2","doc":{"driver":{"name":"NetworkInterfaceTL","version":"4.4.29"},"os":{"type":"Linux","name":"Ubuntu","architecture":"x86_64","version":"22.04"}}}}
{"t":{"$date":"2024-03-28T17:49:00.030+09:00"},"s":"I",  "c":"NETWORK",  "id":22943,   "ctx":"listener","msg":"Connection accepted","attr":{"remote":"192.168.1.141:60912","connectionId":3,"connectionCount":2}}
{"t":{"$date":"2024-03-28T17:49:00.031+09:00"},"s":"I",  "c":"NETWORK",  "id":51800,   "ctx":"conn3","msg":"client metadata","attr":{"remote":"192.168.1.141:60912","client":"conn3","doc":{"driver":{"name":"NetworkInterfaceTL","version":"4.4.29"},"os":{"type":"Linux","name":"Ubuntu","architecture":"x86_64","version":"22.04"}}}}
{"t":{"$date":"2024-03-28T17:49:00.031+09:00"},"s":"I",  "c":"NETWORK",  "id":22943,   "ctx":"listener","msg":"Connection accepted","attr":{"remote":"192.168.1.141:60924","connectionId":4,"connectionCount":3}}
{"t":{"$date":"2024-03-28T17:49:00.031+09:00"},"s":"I",  "c":"NETWORK",  "id":51800,   "ctx":"conn4","msg":"client metadata","attr":{"remote":"192.168.1.141:60924","client":"conn4","doc":{"driver":{"name":"NetworkInterfaceTL","version":"4.4.29"},"os":{"type":"Linux","name":"Ubuntu","architecture":"x86_64","version":"22.04"}}}}
{"t":{"$date":"2024-03-28T17:49:00.033+09:00"},"s":"I",  "c":"-",        "id":20883,   "ctx":"conn2","msg":"Interrupted operation as its client disconnected","attr":{"opId":520}}
{"t":{"$date":"2024-03-28T17:49:00.033+09:00"},"s":"I",  "c":"NETWORK",  "id":22944,   "ctx":"conn2","msg":"Connection ended","attr":{"remote":"192.168.1.141:60902","connectionId":2,"connectionCount":2}}

{"t":{"$date":"2024-03-28T17:49:17.610+09:00"},"s":"I",  "c":"CONTROL",  "id":20698,   "ctx":"main","msg":"***** SERVER RESTARTED *****"}
{"t":{"$date":"2024-03-28T17:49:17.612+09:00"},"s":"I",  "c":"CONTROL",  "id":23285,   "ctx":"main","msg":"Automatically disabling TLS 1.0, to force-enable TLS 1.0 specify --sslDisabledProtocols 'none'"}
{"t":{"$date":"2024-03-28T17:49:17.620+09:00"},"s":"I",  "c":"NETWORK",  "id":4648601, "ctx":"main","msg":"Implicit TCP FastOpen unavailable. If TCP FastOpen is required, set tcpFastOpenServer, tcpFastOpenClient, and tcpFastOpenQueueSize."}
{"t":{"$date":"2024-03-28T17:49:17.621+09:00"},"s":"I",  "c":"STORAGE",  "id":4615611, "ctx":"initandlisten","msg":"MongoDB starting","attr":{"pid":6380,"port":27022,"dbPath":"/shard/data/shard2db","architecture":"64-bit","host":"shard"}}
{"t":{"$date":"2024-03-28T17:49:17.621+09:00"},"s":"I",  "c":"CONTROL",  "id":23403,   "ctx":"initandlisten","msg":"Build Info","attr":{"buildInfo":{"version":"4.4.29","gitVersion":"f4dda329a99811c707eb06d05ad023599f9be263","openSSLVersion":"OpenSSL 1.1.1f  31 Mar 2020","modules":[],"allocator":"tcmalloc","environment":{"distmod":"ubuntu2004","distarch":"x86_64","target_arch":"x86_64"}}}}
{"t":{"$date":"2024-03-28T17:49:17.622+09:00"},"s":"I",  "c":"CONTROL",  "id":51765,   "ctx":"initandlisten","msg":"Operating System","attr":{"os":{"name":"Ubuntu","version":"22.04"}}}
{"t":{"$date":"2024-03-28T17:49:17.622+09:00"},"s":"I",  "c":"CONTROL",  "id":21951,   "ctx":"initandlisten","msg":"Options set by command line","attr":{"options":{"config":"/shard/mongoShard2.conf","net":{"bindIp":"0.0.0.0","port":27022},"processManagement":{"timeZoneInfo":"/usr/share/zoneinfo"},"replication":{"replSetName":"ShardReplSet"},"sharding":{"clusterRole":"shardsvr"},"storage":{"dbPath":"/shard/data/shard2db","journal":{"enabled":true}},"systemLog":{"destination":"file","logAppend":true,"path":"/shard/data/logs/shard2.log"}}}}
{"t":{"$date":"2024-03-28T17:49:17.622+09:00"},"s":"W",  "c":"STORAGE",  "id":22271,   "ctx":"initandlisten","msg":"Detected unclean shutdown - Lock file is not empty","attr":{"lockFile":"/shard/data/shard2db/mongod.lock"}}
{"t":{"$date":"2024-03-28T17:49:17.622+09:00"},"s":"I",  "c":"STORAGE",  "id":22270,   "ctx":"initandlisten","msg":"Storage engine to use detected by data files","attr":{"dbpath":"/shard/data/shard2db","storageEngine":"wiredTiger"}}
{"t":{"$date":"2024-03-28T17:49:17.622+09:00"},"s":"W",  "c":"STORAGE",  "id":22302,   "ctx":"initandlisten","msg":"Recovering data from the last clean checkpoint."}
{"t":{"$date":"2024-03-28T17:49:17.622+09:00"},"s":"I",  "c":"STORAGE",  "id":22297,   "ctx":"initandlisten","msg":"Using the XFS filesystem is strongly recommended with the WiredTiger storage engine. See http://dochub.mongodb.org/core/prodnotes-filesystem","tags":["startupWarnings"]}
{"t":{"$date":"2024-03-28T17:49:17.622+09:00"},"s":"I",  "c":"STORAGE",  "id":22315,   "ctx":"initandlisten","msg":"Opening WiredTiger","attr":{"config":"create,cache_size=3454M,session_max=33000,eviction=(threads_min=4,threads_max=4),config_base=false,statistics=(fast),log=(enabled=true,archive=true,path=journal,compressor=snappy),file_manager=(close_idle_time=100000,close_scan_interval=10,close_handle_minimum=250),statistics_log=(wait=0),verbose=[recovery_progress,checkpoint_progress,compact_progress],"}}
{"t":{"$date":"2024-03-28T17:49:17.808+09:00"},"s":"I",  "c":"STORAGE",  "id":22430,   "ctx":"initandlisten","msg":"WiredTiger message","attr":{"message":"[1711615757:808471][6380:0x7f6551044cc0], txn-recover: [WT_VERB_RECOVERY_PROGRESS] Recovering log 1 through 2"}}
{"t":{"$date":"2024-03-28T17:49:17.872+09:00"},"s":"I",  "c":"STORAGE",  "id":22430,   "ctx":"initandlisten","msg":"WiredTiger message","attr":{"message":"[1711615757:872505][6380:0x7f6551044cc0], txn-recover: [WT_VERB_RECOVERY_PROGRESS] Recovering log 2 through 2"}}
{"t":{"$date":"2024-03-28T17:49:17.935+09:00"},"s":"I",  "c":"STORAGE",  "id":22430,   "ctx":"initandlisten","msg":"WiredTiger message","attr":{"message":"[1711615757:935107][6380:0x7f6551044cc0], txn-recover: [WT_VERB_RECOVERY | WT_VERB_RECOVERY_PROGRESS] Main recovery loop: starting at 1/55040 to 2/256"}}
{"t":{"$date":"2024-03-28T17:49:17.935+09:00"},"s":"I",  "c":"STORAGE",  "id":22430,   "ctx":"initandlisten","msg":"WiredTiger message","attr":{"message":"[1711615757:935572][6380:0x7f6551044cc0], txn-recover: [WT_VERB_RECOVERY_PROGRESS] Recovering log 1 through 2"}}
{"t":{"$date":"2024-03-28T17:49:17.972+09:00"},"s":"I",  "c":"STORAGE",  "id":22430,   "ctx":"initandlisten","msg":"WiredTiger message","attr":{"message":"[1711615757:972179][6380:0x7f6551044cc0], file:collection-2-5104422571928595126.wt, txn-recover: [WT_VERB_RECOVERY_PROGRESS] Recovering log 2 through 2"}}
{"t":{"$date":"2024-03-28T17:49:17.993+09:00"},"s":"I",  "c":"STORAGE",  "id":22430,   "ctx":"initandlisten","msg":"WiredTiger message","attr":{"message":"[1711615757:993409][6380:0x7f6551044cc0], file:collection-2-5104422571928595126.wt, txn-recover: [WT_VERB_RECOVERY | WT_VERB_RECOVERY_PROGRESS] Set global recovery timestamp: (1711615717, 6)"}}
{"t":{"$date":"2024-03-28T17:49:17.993+09:00"},"s":"I",  "c":"STORAGE",  "id":22430,   "ctx":"initandlisten","msg":"WiredTiger message","attr":{"message":"[1711615757:993489][6380:0x7f6551044cc0], file:collection-2-5104422571928595126.wt, txn-recover: [WT_VERB_RECOVERY | WT_VERB_RECOVERY_PROGRESS] Set global oldest timestamp: (1711615712, 6)"}}
{"t":{"$date":"2024-03-28T17:49:17.998+09:00"},"s":"I",  "c":"STORAGE",  "id":22430,   "ctx":"initandlisten","msg":"WiredTiger message","attr":{"message":"[1711615757:998045][6380:0x7f6551044cc0], WT_SESSION.checkpoint: [WT_VERB_CHECKPOINT_PROGRESS] saving checkpoint snapshot min: 26, snapshot max: 26 snapshot count: 0, oldest timestamp: (1711615712, 6) , meta checkpoint timestamp: (1711615717, 6) base write gen: 11"}}
{"t":{"$date":"2024-03-28T17:49:18.020+09:00"},"s":"I",  "c":"STORAGE",  "id":4795906, "ctx":"initandlisten","msg":"WiredTiger opened","attr":{"durationMillis":398}}
{"t":{"$date":"2024-03-28T17:49:18.020+09:00"},"s":"I",  "c":"RECOVERY", "id":23987,   "ctx":"initandlisten","msg":"WiredTiger recoveryTimestamp","attr":{"recoveryTimestamp":{"$timestamp":{"t":1711615717,"i":6}}}}
{"t":{"$date":"2024-03-28T17:49:18.023+09:00"},"s":"I",  "c":"STORAGE",  "id":22383,   "ctx":"initandlisten","msg":"The size storer reports that the oplog contains","attr":{"numRecords":0,"dataSize":0}}
{"t":{"$date":"2024-03-28T17:49:18.023+09:00"},"s":"I",  "c":"STORAGE",  "id":22382,   "ctx":"initandlisten","msg":"WiredTiger record store oplog processing finished","attr":{"durationMillis":0}}
{"t":{"$date":"2024-03-28T17:49:18.026+09:00"},"s":"I",  "c":"STORAGE",  "id":22262,   "ctx":"initandlisten","msg":"Timestamp monitor starting"}
{"t":{"$date":"2024-03-28T17:49:18.033+09:00"},"s":"W",  "c":"CONTROL",  "id":22120,   "ctx":"initandlisten","msg":"Access control is not enabled for the database. Read and write access to data and configuration is unrestricted","tags":["startupWarnings"]}
{"t":{"$date":"2024-03-28T17:49:18.033+09:00"},"s":"W",  "c":"CONTROL",  "id":22138,   "ctx":"initandlisten","msg":"You are running this process as the root user, which is not recommended","tags":["startupWarnings"]}
{"t":{"$date":"2024-03-28T17:49:18.034+09:00"},"s":"W",  "c":"CONTROL",  "id":22184,   "ctx":"initandlisten","msg":"Soft rlimits too low","attr":{"currentValue":1024,"recommendedMinimum":64000},"tags":["startupWarnings"]}
{"t":{"$date":"2024-03-28T17:49:18.039+09:00"},"s":"I",  "c":"STORAGE",  "id":20536,   "ctx":"initandlisten","msg":"Flow Control is enabled on this deployment"}
{"t":{"$date":"2024-03-28T17:49:18.041+09:00"},"s":"W",  "c":"SHARDING", "id":22074,   "ctx":"initandlisten","msg":"Started with --shardsvr, but no shardIdentity document was found on disk. This most likely means this server has not yet been added to a sharded cluster","attr":{"namespace":"admin.system.version"}}
{"t":{"$date":"2024-03-28T17:49:18.042+09:00"},"s":"I",  "c":"FTDC",     "id":20625,   "ctx":"initandlisten","msg":"Initializing full-time diagnostic data capture","attr":{"dataDirectory":"/shard/data/shard2db/diagnostic.data"}}
{"t":{"$date":"2024-03-28T17:49:18.042+09:00"},"s":"I",  "c":"REPL",     "id":6015317, "ctx":"initandlisten","msg":"Setting new configuration state","attr":{"newState":"ConfigStartingUp","oldState":"ConfigPreStart"}}
{"t":{"$date":"2024-03-28T17:49:18.043+09:00"},"s":"I",  "c":"REPL",     "id":4280500, "ctx":"initandlisten","msg":"Attempting to create internal replication collections"}
{"t":{"$date":"2024-03-28T17:49:18.043+09:00"},"s":"I",  "c":"REPL",     "id":4280501, "ctx":"initandlisten","msg":"Attempting to load local voted for document"}
{"t":{"$date":"2024-03-28T17:49:18.043+09:00"},"s":"I",  "c":"REPL",     "id":4280502, "ctx":"initandlisten","msg":"Searching for local Rollback ID document"}
{"t":{"$date":"2024-03-28T17:49:18.044+09:00"},"s":"I",  "c":"REPL",     "id":21529,   "ctx":"initandlisten","msg":"Initializing rollback ID","attr":{"rbid":1}}
{"t":{"$date":"2024-03-28T17:49:18.044+09:00"},"s":"I",  "c":"REPL",     "id":501401,  "ctx":"initandlisten","msg":"Incrementing the rollback ID after unclean shutdown"}
{"t":{"$date":"2024-03-28T17:49:18.046+09:00"},"s":"I",  "c":"REPL",     "id":21532,   "ctx":"initandlisten","msg":"Incremented the rollback ID","attr":{"rbid":2}}
{"t":{"$date":"2024-03-28T17:49:18.046+09:00"},"s":"I",  "c":"REPL",     "id":4280504, "ctx":"initandlisten","msg":"Cleaning up any partially applied oplog batches & reading last op from oplog"}
{"t":{"$date":"2024-03-28T17:49:18.047+09:00"},"s":"I",  "c":"REPL",     "id":21557,   "ctx":"initandlisten","msg":"Removing unapplied oplog entries after oplogTruncateAfterPoint","attr":{"oplogTruncateAfterPoint":{"":{"$timestamp":{"t":1711615737,"i":1}}}}}
{"t":{"$date":"2024-03-28T17:49:18.047+09:00"},"s":"I",  "c":"REPL",     "id":21553,   "ctx":"initandlisten","msg":"Truncating oplog from truncateAfterOplogEntryTimestamp (non-inclusive)","attr":{"truncateAfterOplogEntryTimestamp":{"$timestamp":{"t":1711615737,"i":1}},"oplogTruncateAfterPoint":{"$timestamp":{"t":1711615737,"i":1}}}}
{"t":{"$date":"2024-03-28T17:49:18.047+09:00"},"s":"I",  "c":"REPL",     "id":21554,   "ctx":"initandlisten","msg":"Replication recovery oplog truncation finished","attr":{"durationMillis":0}}
{"t":{"$date":"2024-03-28T17:49:18.048+09:00"},"s":"I",  "c":"REPL",     "id":21544,   "ctx":"initandlisten","msg":"Recovering from stable timestamp","attr":{"stableTimestamp":{"$timestamp":{"t":1711615717,"i":6}},"topOfOplog":{"ts":{"$timestamp":{"t":1711615737,"i":1}},"t":1},"appliedThrough":{"ts":{"$timestamp":{"t":0,"i":0}},"t":-1},"oplogTruncateAfterPoint":{"$timestamp":{"t":0,"i":0}}}}
{"t":{"$date":"2024-03-28T17:49:18.049+09:00"},"s":"I",  "c":"REPL",     "id":21545,   "ctx":"initandlisten","msg":"Starting recovery oplog application at the stable timestamp","attr":{"stableTimestamp":{"$timestamp":{"t":1711615717,"i":6}}}}
{"t":{"$date":"2024-03-28T17:49:18.049+09:00"},"s":"I",  "c":"REPL",     "id":21550,   "ctx":"initandlisten","msg":"Replaying stored operations from startPoint (inclusive) to endPoint (inclusive)","attr":{"startPoint":{"$timestamp":{"t":1711615717,"i":6}},"endPoint":{"$timestamp":{"t":1711615737,"i":1}}}}
{"t":{"$date":"2024-03-28T17:49:18.049+09:00"},"s":"I",  "c":"REPL",     "id":21536,   "ctx":"initandlisten","msg":"Completed oplog application for recovery","attr":{"numOpsApplied":2,"numBatches":1,"applyThroughOpTime":{"ts":{"$timestamp":{"t":1711615737,"i":1}},"t":1}}}
{"t":{"$date":"2024-03-28T17:49:18.050+09:00"},"s":"I",  "c":"REPL",     "id":4280506, "ctx":"initandlisten","msg":"Reconstructing prepared transactions"}
{"t":{"$date":"2024-03-28T17:49:18.050+09:00"},"s":"I",  "c":"REPL",     "id":4280507, "ctx":"initandlisten","msg":"Loaded replica set config, scheduled callback to set local config"}
{"t":{"$date":"2024-03-28T17:49:18.050+09:00"},"s":"I",  "c":"REPL",     "id":4280508, "ctx":"ReplCoord-0","msg":"Attempting to set local replica set config; validating config for startup"}
{"t":{"$date":"2024-03-28T17:49:18.051+09:00"},"s":"I",  "c":"REPL",     "id":4280509, "ctx":"ReplCoord-0","msg":"Local configuration validated for startup"}
{"t":{"$date":"2024-03-28T17:49:18.052+09:00"},"s":"I",  "c":"REPL",     "id":6015317, "ctx":"ReplCoord-0","msg":"Setting new configuration state","attr":{"newState":"ConfigSteady","oldState":"ConfigStartingUp"}}
{"t":{"$date":"2024-03-28T17:49:18.052+09:00"},"s":"I",  "c":"REPL",     "id":21392,   "ctx":"ReplCoord-0","msg":"New replica set config in use","attr":{"config":{"_id":"ShardReplSet","version":1,"protocolVersion":1,"writeConcernMajorityJournalDefault":true,"members":[{"_id":0,"host":"shard:27022","arbiterOnly":false,"buildIndexes":true,"hidden":false,"priority":1.0,"tags":{},"slaveDelay":0,"votes":1}],"settings":{"chainingAllowed":true,"heartbeatIntervalMillis":2000,"heartbeatTimeoutSecs":10,"electionTimeoutMillis":10000,"catchUpTimeoutMillis":-1,"catchUpTakeoverDelayMillis":30000,"getLastErrorModes":{},"getLastErrorDefaults":{"w":1,"wtimeout":0},"replicaSetId":{"$oid":"66052ee58570c78dee9d82e5"}}}}}
{"t":{"$date":"2024-03-28T17:49:18.052+09:00"},"s":"I",  "c":"REPL",     "id":21393,   "ctx":"ReplCoord-0","msg":"Found self in config","attr":{"hostAndPort":"shard:27022"}}
{"t":{"$date":"2024-03-28T17:49:18.052+09:00"},"s":"I",  "c":"REPL",     "id":21358,   "ctx":"ReplCoord-0","msg":"Replica set state transition","attr":{"newState":"STARTUP2","oldState":"STARTUP"}}
{"t":{"$date":"2024-03-28T17:49:18.052+09:00"},"s":"I",  "c":"REPL",     "id":21320,   "ctx":"ReplCoord-0","msg":"Updated term","attr":{"term":1}}
{"t":{"$date":"2024-03-28T17:49:18.052+09:00"},"s":"I",  "c":"REPL",     "id":21306,   "ctx":"ReplCoord-0","msg":"Starting replication storage threads"}
{"t":{"$date":"2024-03-28T17:49:18.052+09:00"},"s":"I",  "c":"REPL",     "id":4280512, "ctx":"ReplCoord-0","msg":"No initial sync required. Attempting to begin steady replication"}
{"t":{"$date":"2024-03-28T17:49:18.052+09:00"},"s":"I",  "c":"REPL",     "id":21358,   "ctx":"ReplCoord-0","msg":"Replica set state transition","attr":{"newState":"RECOVERING","oldState":"STARTUP2"}}
{"t":{"$date":"2024-03-28T17:49:18.053+09:00"},"s":"I",  "c":"CONTROL",  "id":20712,   "ctx":"LogicalSessionCacheReap","msg":"Sessions collection is not set up; waiting until next sessions reap interval","attr":{"error":"ShardingStateNotInitialized: sharding state is not yet initialized"}}
{"t":{"$date":"2024-03-28T17:49:18.053+09:00"},"s":"I",  "c":"REPL",     "id":21299,   "ctx":"ReplCoord-0","msg":"Starting replication fetcher thread"}
{"t":{"$date":"2024-03-28T17:49:18.053+09:00"},"s":"I",  "c":"REPL",     "id":40440,   "ctx":"initandlisten","msg":"Starting the TopologyVersionObserver"}
{"t":{"$date":"2024-03-28T17:49:18.053+09:00"},"s":"I",  "c":"REPL",     "id":21300,   "ctx":"ReplCoord-0","msg":"Starting replication applier thread"}
{"t":{"$date":"2024-03-28T17:49:18.053+09:00"},"s":"I",  "c":"REPL",     "id":40445,   "ctx":"TopologyVersionObserver","msg":"Started TopologyVersionObserver"}
{"t":{"$date":"2024-03-28T17:49:18.053+09:00"},"s":"I",  "c":"REPL",     "id":21224,   "ctx":"OplogApplier-0","msg":"Starting oplog application"}
{"t":{"$date":"2024-03-28T17:49:18.054+09:00"},"s":"I",  "c":"REPL",     "id":21358,   "ctx":"OplogApplier-0","msg":"Replica set state transition","attr":{"newState":"SECONDARY","oldState":"RECOVERING"}}
{"t":{"$date":"2024-03-28T17:49:18.054+09:00"},"s":"I",  "c":"NETWORK",  "id":23015,   "ctx":"listener","msg":"Listening on","attr":{"address":"/tmp/mongodb-27022.sock"}}
{"t":{"$date":"2024-03-28T17:49:18.054+09:00"},"s":"I",  "c":"NETWORK",  "id":23015,   "ctx":"listener","msg":"Listening on","attr":{"address":"0.0.0.0"}}
{"t":{"$date":"2024-03-28T17:49:18.054+09:00"},"s":"I",  "c":"NETWORK",  "id":23016,   "ctx":"listener","msg":"Waiting for connections","attr":{"port":27022,"ssl":"off"}}
{"t":{"$date":"2024-03-28T17:49:18.054+09:00"},"s":"I",  "c":"ELECTION", "id":4615652, "ctx":"OplogApplier-0","msg":"Starting an election, since we've seen no PRIMARY in election timeout period","attr":{"electionTimeoutPeriodMillis":10000}}
{"t":{"$date":"2024-03-28T17:49:18.054+09:00"},"s":"I",  "c":"ELECTION", "id":21438,   "ctx":"OplogApplier-0","msg":"Conducting a dry run election to see if we could be elected","attr":{"currentTerm":1}}
{"t":{"$date":"2024-03-28T17:49:18.054+09:00"},"s":"I",  "c":"ELECTION", "id":21444,   "ctx":"ReplCoord-1","msg":"Dry election run succeeded, running for election","attr":{"newTerm":2}}
{"t":{"$date":"2024-03-28T17:49:18.054+09:00"},"s":"I",  "c":"REPL",     "id":21301,   "ctx":"ReplCoord-0","msg":"Starting replication reporter thread"}
{"t":{"$date":"2024-03-28T17:49:18.053+09:00"},"s":"I",  "c":"CONTROL",  "id":20714,   "ctx":"LogicalSessionCacheRefresh","msg":"Failed to refresh session cache, will try again at the next refresh interval","attr":{"error":"ShardingStateNotInitialized: sharding state is not yet initialized"}}
{"t":{"$date":"2024-03-28T17:49:18.055+09:00"},"s":"I",  "c":"ELECTION", "id":6015300, "ctx":"ReplCoord-1","msg":"Storing last vote document in local storage for my election","attr":{"lastVote":{"term":2,"candidateIndex":0}}}
{"t":{"$date":"2024-03-28T17:49:18.056+09:00"},"s":"I",  "c":"ELECTION", "id":21450,   "ctx":"ReplCoord-1","msg":"Election succeeded, assuming primary role","attr":{"term":2}}
{"t":{"$date":"2024-03-28T17:49:18.056+09:00"},"s":"I",  "c":"REPL",     "id":21358,   "ctx":"ReplCoord-1","msg":"Replica set state transition","attr":{"newState":"PRIMARY","oldState":"SECONDARY"}}
{"t":{"$date":"2024-03-28T17:49:18.057+09:00"},"s":"I",  "c":"REPL",     "id":21106,   "ctx":"ReplCoord-1","msg":"Resetting sync source to empty","attr":{"previousSyncSource":":27017"}}
{"t":{"$date":"2024-03-28T17:49:18.057+09:00"},"s":"I",  "c":"REPL",     "id":21359,   "ctx":"ReplCoord-1","msg":"Entering primary catch-up mode"}
{"t":{"$date":"2024-03-28T17:49:18.057+09:00"},"s":"I",  "c":"REPL",     "id":6015304, "ctx":"ReplCoord-1","msg":"Skipping primary catchup since we are the only node in the replica set."}
{"t":{"$date":"2024-03-28T17:49:18.057+09:00"},"s":"I",  "c":"REPL",     "id":21363,   "ctx":"ReplCoord-1","msg":"Exited primary catch-up mode"}
{"t":{"$date":"2024-03-28T17:49:18.057+09:00"},"s":"I",  "c":"REPL",     "id":21107,   "ctx":"ReplCoord-1","msg":"Stopping replication producer"}
{"t":{"$date":"2024-03-28T17:49:18.057+09:00"},"s":"I",  "c":"REPL",     "id":21239,   "ctx":"ReplBatcher","msg":"Oplog buffer has been drained","attr":{"term":2}}
{"t":{"$date":"2024-03-28T17:49:18.057+09:00"},"s":"I",  "c":"REPL",     "id":21239,   "ctx":"ReplBatcher","msg":"Oplog buffer has been drained","attr":{"term":2}}
{"t":{"$date":"2024-03-28T17:49:18.057+09:00"},"s":"I",  "c":"REPL",     "id":21343,   "ctx":"RstlKillOpThread","msg":"Starting to kill user operations"}
{"t":{"$date":"2024-03-28T17:49:18.057+09:00"},"s":"I",  "c":"REPL",     "id":21344,   "ctx":"RstlKillOpThread","msg":"Stopped killing user operations"}
{"t":{"$date":"2024-03-28T17:49:18.057+09:00"},"s":"I",  "c":"REPL",     "id":21340,   "ctx":"RstlKillOpThread","msg":"State transition ops metrics","attr":{"metrics":{"lastStateTransition":"stepUp","userOpsKilled":0,"userOpsRunning":0}}}
{"t":{"$date":"2024-03-28T17:49:18.057+09:00"},"s":"I",  "c":"REPL",     "id":6015310, "ctx":"OplogApplier-0","msg":"Starting to transition to primary."}
{"t":{"$date":"2024-03-28T17:49:18.058+09:00"},"s":"I",  "c":"REPL",     "id":6015309, "ctx":"OplogApplier-0","msg":"Logging transition to primary to oplog on stepup"}
{"t":{"$date":"2024-03-28T17:49:18.058+09:00"},"s":"I",  "c":"STORAGE",  "id":20657,   "ctx":"OplogApplier-0","msg":"IndexBuildsCoordinator::onStepUp - this node is stepping up to primary"}
{"t":{"$date":"2024-03-28T17:49:18.058+09:00"},"s":"I",  "c":"REPL",     "id":21331,   "ctx":"OplogApplier-0","msg":"Transition to primary complete; database writes are now permitted"}
{"t":{"$date":"2024-03-28T17:49:18.058+09:00"},"s":"I",  "c":"REPL",     "id":6015306, "ctx":"OplogApplier-0","msg":"Applier already left draining state, exiting."}
{"t":{"$date":"2024-03-28T17:49:19.022+09:00"},"s":"I",  "c":"FTDC",     "id":20631,   "ctx":"ftdc","msg":"Unclean full-time diagnostic data capture shutdown detected, found interim file, some metrics may have been lost","attr":{"error":{"code":0,"codeName":"OK"}}}
